Calling target program-options parser
[14:50:35.909] [bmv2] [D] [thread 291172] Set default default entry for table 'MyIngress.FEC_tbl': MyIngress.drop - 
[14:50:35.909] [bmv2] [D] [thread 291172] Set default default entry for table 'tbl_nfc398': nfc398 - 
[14:50:35.909] [bmv2] [D] [thread 291172] Set default default entry for table 'MyIngress.mpls_tbl': NoAction - 
[14:50:35.909] [bmv2] [D] [thread 291172] Set default default entry for table 'MyIngress.check_ports': NoAction - 
[14:50:35.909] [bmv2] [D] [thread 291172] Set default default entry for table 'tbl_nfc413': nfc413 - 
[14:50:35.909] [bmv2] [D] [thread 291172] Set default default entry for table 'MyIngress.mpls_nfc': NoAction - 
[14:50:35.909] [bmv2] [D] [thread 291172] Set default default entry for table 'MyIngress.ecmp_group_to_forward': MyIngress.drop - 
Adding interface s7-eth1 as port 1
[14:50:35.912] [bmv2] [D] [thread 291172] Adding interface s7-eth1 as port 1
Adding interface s7-eth2 as port 2
[14:50:35.913] [bmv2] [D] [thread 291172] Adding interface s7-eth2 as port 2
Adding interface s7-eth3 as port 3
[14:50:35.936] [bmv2] [D] [thread 291172] Adding interface s7-eth3 as port 3
Adding interface s7-eth4 as port 4
[14:50:35.937] [bmv2] [D] [thread 291172] Adding interface s7-eth4 as port 4
[14:50:35.968] [bmv2] [I] [thread 291172] Starting Thrift server on port 9096
[14:50:35.968] [bmv2] [I] [thread 291172] Thrift server was started
[14:50:35.969] [bmv2] [D] [thread 291178] [0.0] [cxt 0] Processing packet received on port 1
[14:50:35.969] [bmv2] [D] [thread 291178] [0.0] [cxt 0] Parser 'parser': start
[14:50:35.969] [bmv2] [D] [thread 291178] [0.0] [cxt 0] Parser 'parser' entering state 'start'
[14:50:35.969] [bmv2] [D] [thread 291178] [0.0] [cxt 0] Extracting header 'ethernet'
[14:50:35.969] [bmv2] [D] [thread 291178] [0.0] [cxt 0] Parser state 'start': key is 86dd
[14:50:35.969] [bmv2] [T] [thread 291178] [0.0] [cxt 0] Bytes parsed: 14
[14:50:35.969] [bmv2] [T] [thread 291178] [0.0] [cxt 0] Skipping checksum 'cksum_0' verification because target field invalid
[14:50:35.969] [bmv2] [D] [thread 291178] [0.0] [cxt 0] Parser 'parser': end
[14:50:35.969] [bmv2] [D] [thread 291178] [0.0] [cxt 0] Pipeline 'ingress': start
[14:50:35.970] [bmv2] [T] [thread 291178] [0.0] [cxt 0] /home/gys/文档/P4/p4-learning/exercises/experiment/p4src/nfc.p4(455) Condition "hdr.ipv4.isValid()" (node_2) is false
[14:50:35.970] [bmv2] [T] [thread 291178] [0.0] [cxt 0] /home/gys/文档/P4/p4-learning/exercises/experiment/p4src/nfc.p4(459) Condition "hdr.mpls[0].isValid()" (node_4) is false
[14:50:35.970] [bmv2] [T] [thread 291178] [0.0] [cxt 0] Applying table 'MyIngress.check_ports'
[14:50:35.970] [bmv2] [D] [thread 291178] [0.0] [cxt 0] Looking up key:
* standard_metadata.ingress_port: 0001
* standard_metadata.egress_spec : 0000

[14:50:35.970] [bmv2] [D] [thread 291178] [0.0] [cxt 0] Table 'MyIngress.check_ports': miss
[14:50:35.970] [bmv2] [D] [thread 291178] [0.0] [cxt 0] Action entry is NoAction - 
[14:50:35.970] [bmv2] [T] [thread 291178] [0.0] [cxt 0] Action NoAction
[14:50:35.970] [bmv2] [T] [thread 291178] [0.0] [cxt 0] /home/gys/文档/P4/p4-learning/exercises/experiment/p4src/nfc.p4(465) Condition "hdr.mpls[0].isValid()" (node_8) is false
[14:50:35.970] [bmv2] [D] [thread 291178] [0.0] [cxt 0] Pipeline 'ingress': end
[14:50:35.970] [bmv2] [D] [thread 291178] [0.0] [cxt 0] Egress port is 0
[14:50:35.970] [bmv2] [D] [thread 291179] [0.0] [cxt 0] Pipeline 'egress': start
[14:50:35.970] [bmv2] [D] [thread 291179] [0.0] [cxt 0] Pipeline 'egress': end
[14:50:35.970] [bmv2] [D] [thread 291179] [0.0] [cxt 0] Deparser 'deparser': start
[14:50:35.970] [bmv2] [T] [thread 291179] [0.0] [cxt 0] Skipping checksum 'cksum' update because condition not met
[14:50:35.970] [bmv2] [D] [thread 291179] [0.0] [cxt 0] Deparsing header 'ethernet'
[14:50:35.970] [bmv2] [D] [thread 291179] [0.0] [cxt 0] Deparser 'deparser': end
[14:50:35.970] [bmv2] [D] [thread 291183] [0.0] [cxt 0] Transmitting packet of size 86 out of port 0
[14:50:37.930] [bmv2] [T] [thread 291324] bm_get_config
[14:50:37.939] [bmv2] [T] [thread 291324] bm_table_add_entry
[14:50:37.939] [bmv2] [D] [thread 291324] Entry 0 added to table 'MyIngress.mpls_tbl'
[14:50:37.940] [bmv2] [D] [thread 291324] Dumping entry 0
Match key:
* hdr.mpls[0].label   : EXACT     000001
* hdr.mpls[0].s       : EXACT     00
Action entry: MyIngress.mpls_forward - 9a095a4f39ed,1,

[14:50:37.941] [bmv2] [T] [thread 291324] bm_table_add_entry
[14:50:37.941] [bmv2] [D] [thread 291324] Entry 1 added to table 'MyIngress.mpls_tbl'
[14:50:37.941] [bmv2] [D] [thread 291324] Dumping entry 1
Match key:
* hdr.mpls[0].label   : EXACT     000002
* hdr.mpls[0].s       : EXACT     00
Action entry: MyIngress.mpls_forward - 5a9f6f985f9f,2,

open: No such file or directory
open: No such file or directory
open: No such file or directory
open: No such file or directory
open: No such file or directory
open: No such file or directory
open: No such file or directory
open: No such file or directory
open: No such file or directory
open: No such file or directory
open: No such file or directory
open: No such file or directory
open: No such file or directory
open: No such file or directory
open: No such file or directory
open: No such file or directory
open: No such file or directory
open: No such file or directory
open: No such file or directory
open: No such file or directory
