Calling target program-options parser
[14:50:35.678] [bmv2] [D] [thread 291145] Set default default entry for table 'MyIngress.FEC_tbl': MyIngress.drop - 
[14:50:35.679] [bmv2] [D] [thread 291145] Set default default entry for table 'tbl_nfc398': nfc398 - 
[14:50:35.679] [bmv2] [D] [thread 291145] Set default default entry for table 'MyIngress.mpls_tbl': NoAction - 
[14:50:35.679] [bmv2] [D] [thread 291145] Set default default entry for table 'MyIngress.check_ports': NoAction - 
[14:50:35.679] [bmv2] [D] [thread 291145] Set default default entry for table 'tbl_nfc413': nfc413 - 
[14:50:35.679] [bmv2] [D] [thread 291145] Set default default entry for table 'MyIngress.mpls_nfc': NoAction - 
[14:50:35.679] [bmv2] [D] [thread 291145] Set default default entry for table 'MyIngress.ecmp_group_to_forward': MyIngress.drop - 
Adding interface s5-eth1 as port 1
[14:50:35.681] [bmv2] [D] [thread 291145] Adding interface s5-eth1 as port 1
Adding interface s5-eth2 as port 2
[14:50:35.720] [bmv2] [D] [thread 291145] Adding interface s5-eth2 as port 2
[14:50:35.721] [bmv2] [I] [thread 291145] Starting Thrift server on port 9094
[14:50:35.722] [bmv2] [I] [thread 291145] Thrift server was started
[14:50:35.784] [bmv2] [D] [thread 291151] [0.0] [cxt 0] Processing packet received on port 2
[14:50:35.784] [bmv2] [D] [thread 291151] [0.0] [cxt 0] Parser 'parser': start
[14:50:35.784] [bmv2] [D] [thread 291151] [0.0] [cxt 0] Parser 'parser' entering state 'start'
[14:50:35.784] [bmv2] [D] [thread 291151] [0.0] [cxt 0] Extracting header 'ethernet'
[14:50:35.784] [bmv2] [D] [thread 291151] [0.0] [cxt 0] Parser state 'start': key is 86dd
[14:50:35.784] [bmv2] [T] [thread 291151] [0.0] [cxt 0] Bytes parsed: 14
[14:50:35.784] [bmv2] [T] [thread 291151] [0.0] [cxt 0] Skipping checksum 'cksum_0' verification because target field invalid
[14:50:35.784] [bmv2] [D] [thread 291151] [0.0] [cxt 0] Parser 'parser': end
[14:50:35.784] [bmv2] [D] [thread 291151] [0.0] [cxt 0] Pipeline 'ingress': start
[14:50:35.784] [bmv2] [T] [thread 291151] [0.0] [cxt 0] /home/gys/文档/P4/p4-learning/exercises/experiment/p4src/nfc.p4(455) Condition "hdr.ipv4.isValid()" (node_2) is false
[14:50:35.784] [bmv2] [T] [thread 291151] [0.0] [cxt 0] /home/gys/文档/P4/p4-learning/exercises/experiment/p4src/nfc.p4(459) Condition "hdr.mpls[0].isValid()" (node_4) is false
[14:50:35.784] [bmv2] [T] [thread 291151] [0.0] [cxt 0] Applying table 'MyIngress.check_ports'
[14:50:35.784] [bmv2] [D] [thread 291151] [0.0] [cxt 0] Looking up key:
* standard_metadata.ingress_port: 0002
* standard_metadata.egress_spec : 0000

[14:50:35.784] [bmv2] [D] [thread 291151] [0.0] [cxt 0] Table 'MyIngress.check_ports': miss
[14:50:35.784] [bmv2] [D] [thread 291151] [0.0] [cxt 0] Action entry is NoAction - 
[14:50:35.784] [bmv2] [T] [thread 291151] [0.0] [cxt 0] Action NoAction
[14:50:35.784] [bmv2] [T] [thread 291151] [0.0] [cxt 0] /home/gys/文档/P4/p4-learning/exercises/experiment/p4src/nfc.p4(465) Condition "hdr.mpls[0].isValid()" (node_8) is false
[14:50:35.784] [bmv2] [D] [thread 291151] [0.0] [cxt 0] Pipeline 'ingress': end
[14:50:35.785] [bmv2] [D] [thread 291151] [0.0] [cxt 0] Egress port is 0
[14:50:35.785] [bmv2] [D] [thread 291152] [0.0] [cxt 0] Pipeline 'egress': start
[14:50:35.785] [bmv2] [D] [thread 291152] [0.0] [cxt 0] Pipeline 'egress': end
[14:50:35.785] [bmv2] [D] [thread 291152] [0.0] [cxt 0] Deparser 'deparser': start
[14:50:35.785] [bmv2] [T] [thread 291152] [0.0] [cxt 0] Skipping checksum 'cksum' update because condition not met
[14:50:35.785] [bmv2] [D] [thread 291152] [0.0] [cxt 0] Deparsing header 'ethernet'
[14:50:35.785] [bmv2] [D] [thread 291152] [0.0] [cxt 0] Deparser 'deparser': end
[14:50:35.785] [bmv2] [D] [thread 291156] [0.0] [cxt 0] Transmitting packet of size 86 out of port 0
[14:50:35.848] [bmv2] [D] [thread 291151] [1.0] [cxt 0] Processing packet received on port 1
[14:50:35.848] [bmv2] [D] [thread 291151] [1.0] [cxt 0] Parser 'parser': start
[14:50:35.848] [bmv2] [D] [thread 291151] [1.0] [cxt 0] Parser 'parser' entering state 'start'
[14:50:35.848] [bmv2] [D] [thread 291151] [1.0] [cxt 0] Extracting header 'ethernet'
[14:50:35.848] [bmv2] [D] [thread 291151] [1.0] [cxt 0] Parser state 'start': key is 86dd
[14:50:35.848] [bmv2] [T] [thread 291151] [1.0] [cxt 0] Bytes parsed: 14
[14:50:35.848] [bmv2] [T] [thread 291151] [1.0] [cxt 0] Skipping checksum 'cksum_0' verification because target field invalid
[14:50:35.848] [bmv2] [D] [thread 291151] [1.0] [cxt 0] Parser 'parser': end
[14:50:35.848] [bmv2] [D] [thread 291151] [1.0] [cxt 0] Pipeline 'ingress': start
[14:50:35.848] [bmv2] [T] [thread 291151] [1.0] [cxt 0] /home/gys/文档/P4/p4-learning/exercises/experiment/p4src/nfc.p4(455) Condition "hdr.ipv4.isValid()" (node_2) is false
[14:50:35.848] [bmv2] [T] [thread 291151] [1.0] [cxt 0] /home/gys/文档/P4/p4-learning/exercises/experiment/p4src/nfc.p4(459) Condition "hdr.mpls[0].isValid()" (node_4) is false
[14:50:35.848] [bmv2] [T] [thread 291151] [1.0] [cxt 0] Applying table 'MyIngress.check_ports'
[14:50:35.848] [bmv2] [D] [thread 291151] [1.0] [cxt 0] Looking up key:
* standard_metadata.ingress_port: 0001
* standard_metadata.egress_spec : 0000

[14:50:35.848] [bmv2] [D] [thread 291151] [1.0] [cxt 0] Table 'MyIngress.check_ports': miss
[14:50:35.848] [bmv2] [D] [thread 291151] [1.0] [cxt 0] Action entry is NoAction - 
[14:50:35.848] [bmv2] [T] [thread 291151] [1.0] [cxt 0] Action NoAction
[14:50:35.848] [bmv2] [T] [thread 291151] [1.0] [cxt 0] /home/gys/文档/P4/p4-learning/exercises/experiment/p4src/nfc.p4(465) Condition "hdr.mpls[0].isValid()" (node_8) is false
[14:50:35.848] [bmv2] [D] [thread 291151] [1.0] [cxt 0] Pipeline 'ingress': end
[14:50:35.848] [bmv2] [D] [thread 291151] [1.0] [cxt 0] Egress port is 0
[14:50:35.848] [bmv2] [D] [thread 291151] [2.0] [cxt 0] Processing packet received on port 2
[14:50:35.848] [bmv2] [D] [thread 291151] [2.0] [cxt 0] Parser 'parser': start
[14:50:35.848] [bmv2] [D] [thread 291151] [2.0] [cxt 0] Parser 'parser' entering state 'start'
[14:50:35.848] [bmv2] [D] [thread 291151] [2.0] [cxt 0] Extracting header 'ethernet'
[14:50:35.848] [bmv2] [D] [thread 291151] [2.0] [cxt 0] Parser state 'start': key is 86dd
[14:50:35.848] [bmv2] [T] [thread 291151] [2.0] [cxt 0] Bytes parsed: 14
[14:50:35.848] [bmv2] [T] [thread 291151] [2.0] [cxt 0] Skipping checksum 'cksum_0' verification because target field invalid
[14:50:35.848] [bmv2] [D] [thread 291151] [2.0] [cxt 0] Parser 'parser': end
[14:50:35.848] [bmv2] [D] [thread 291151] [2.0] [cxt 0] Pipeline 'ingress': start
[14:50:35.848] [bmv2] [T] [thread 291151] [2.0] [cxt 0] /home/gys/文档/P4/p4-learning/exercises/experiment/p4src/nfc.p4(455) Condition "hdr.ipv4.isValid()" (node_2) is false
[14:50:35.848] [bmv2] [D] [thread 291152] [1.0] [cxt 0] Pipeline 'egress': start
[14:50:35.848] [bmv2] [D] [thread 291152] [1.0] [cxt 0] Pipeline 'egress': end
[14:50:35.848] [bmv2] [D] [thread 291152] [1.0] [cxt 0] Deparser 'deparser': start
[14:50:35.848] [bmv2] [T] [thread 291152] [1.0] [cxt 0] Skipping checksum 'cksum' update because condition not met
[14:50:35.848] [bmv2] [D] [thread 291152] [1.0] [cxt 0] Deparsing header 'ethernet'
[14:50:35.848] [bmv2] [D] [thread 291152] [1.0] [cxt 0] Deparser 'deparser': end
[14:50:35.848] [bmv2] [T] [thread 291151] [2.0] [cxt 0] /home/gys/文档/P4/p4-learning/exercises/experiment/p4src/nfc.p4(459) Condition "hdr.mpls[0].isValid()" (node_4) is false
[14:50:35.849] [bmv2] [T] [thread 291151] [2.0] [cxt 0] Applying table 'MyIngress.check_ports'
[14:50:35.849] [bmv2] [D] [thread 291151] [2.0] [cxt 0] Looking up key:
* standard_metadata.ingress_port: 0002
* standard_metadata.egress_spec : 0000

[14:50:35.849] [bmv2] [D] [thread 291151] [2.0] [cxt 0] Table 'MyIngress.check_ports': miss
[14:50:35.849] [bmv2] [D] [thread 291151] [2.0] [cxt 0] Action entry is NoAction - 
[14:50:35.849] [bmv2] [T] [thread 291151] [2.0] [cxt 0] Action NoAction
[14:50:35.849] [bmv2] [T] [thread 291151] [2.0] [cxt 0] /home/gys/文档/P4/p4-learning/exercises/experiment/p4src/nfc.p4(465) Condition "hdr.mpls[0].isValid()" (node_8) is false
[14:50:35.849] [bmv2] [D] [thread 291151] [2.0] [cxt 0] Pipeline 'ingress': end
[14:50:35.849] [bmv2] [D] [thread 291151] [2.0] [cxt 0] Egress port is 0
[14:50:35.849] [bmv2] [D] [thread 291152] [2.0] [cxt 0] Pipeline 'egress': start
[14:50:35.849] [bmv2] [D] [thread 291152] [2.0] [cxt 0] Pipeline 'egress': end
[14:50:35.849] [bmv2] [D] [thread 291152] [2.0] [cxt 0] Deparser 'deparser': start
[14:50:35.849] [bmv2] [T] [thread 291152] [2.0] [cxt 0] Skipping checksum 'cksum' update because condition not met
[14:50:35.849] [bmv2] [D] [thread 291152] [2.0] [cxt 0] Deparsing header 'ethernet'
[14:50:35.849] [bmv2] [D] [thread 291152] [2.0] [cxt 0] Deparser 'deparser': end
[14:50:35.849] [bmv2] [D] [thread 291156] [1.0] [cxt 0] Transmitting packet of size 86 out of port 0
[14:50:35.849] [bmv2] [D] [thread 291156] [2.0] [cxt 0] Transmitting packet of size 90 out of port 0
[14:50:35.943] [bmv2] [D] [thread 291151] [3.0] [cxt 0] Processing packet received on port 2
[14:50:35.943] [bmv2] [D] [thread 291151] [3.0] [cxt 0] Parser 'parser': start
[14:50:35.943] [bmv2] [D] [thread 291151] [3.0] [cxt 0] Parser 'parser' entering state 'start'
[14:50:35.943] [bmv2] [D] [thread 291151] [3.0] [cxt 0] Extracting header 'ethernet'
[14:50:35.943] [bmv2] [D] [thread 291151] [3.0] [cxt 0] Parser state 'start': key is 86dd
[14:50:35.943] [bmv2] [T] [thread 291151] [3.0] [cxt 0] Bytes parsed: 14
[14:50:35.943] [bmv2] [T] [thread 291151] [3.0] [cxt 0] Skipping checksum 'cksum_0' verification because target field invalid
[14:50:35.944] [bmv2] [D] [thread 291151] [3.0] [cxt 0] Parser 'parser': end
[14:50:35.944] [bmv2] [D] [thread 291151] [3.0] [cxt 0] Pipeline 'ingress': start
[14:50:35.944] [bmv2] [T] [thread 291151] [3.0] [cxt 0] /home/gys/文档/P4/p4-learning/exercises/experiment/p4src/nfc.p4(455) Condition "hdr.ipv4.isValid()" (node_2) is false
[14:50:35.944] [bmv2] [T] [thread 291151] [3.0] [cxt 0] /home/gys/文档/P4/p4-learning/exercises/experiment/p4src/nfc.p4(459) Condition "hdr.mpls[0].isValid()" (node_4) is false
[14:50:35.944] [bmv2] [T] [thread 291151] [3.0] [cxt 0] Applying table 'MyIngress.check_ports'
[14:50:35.944] [bmv2] [D] [thread 291151] [3.0] [cxt 0] Looking up key:
* standard_metadata.ingress_port: 0002
* standard_metadata.egress_spec : 0000

[14:50:35.944] [bmv2] [D] [thread 291151] [3.0] [cxt 0] Table 'MyIngress.check_ports': miss
[14:50:35.944] [bmv2] [D] [thread 291151] [3.0] [cxt 0] Action entry is NoAction - 
[14:50:35.944] [bmv2] [T] [thread 291151] [3.0] [cxt 0] Action NoAction
[14:50:35.944] [bmv2] [T] [thread 291151] [3.0] [cxt 0] /home/gys/文档/P4/p4-learning/exercises/experiment/p4src/nfc.p4(465) Condition "hdr.mpls[0].isValid()" (node_8) is false
[14:50:35.944] [bmv2] [D] [thread 291151] [3.0] [cxt 0] Pipeline 'ingress': end
[14:50:35.944] [bmv2] [D] [thread 291151] [3.0] [cxt 0] Egress port is 0
[14:50:35.944] [bmv2] [D] [thread 291152] [3.0] [cxt 0] Pipeline 'egress': start
[14:50:35.944] [bmv2] [D] [thread 291152] [3.0] [cxt 0] Pipeline 'egress': end
[14:50:35.944] [bmv2] [D] [thread 291152] [3.0] [cxt 0] Deparser 'deparser': start
[14:50:35.944] [bmv2] [T] [thread 291152] [3.0] [cxt 0] Skipping checksum 'cksum' update because condition not met
[14:50:35.944] [bmv2] [D] [thread 291152] [3.0] [cxt 0] Deparsing header 'ethernet'
[14:50:35.944] [bmv2] [D] [thread 291152] [3.0] [cxt 0] Deparser 'deparser': end
[14:50:35.944] [bmv2] [D] [thread 291156] [3.0] [cxt 0] Transmitting packet of size 86 out of port 0
[14:50:37.463] [bmv2] [T] [thread 291313] bm_get_config
[14:50:37.472] [bmv2] [T] [thread 291313] bm_table_add_entry
[14:50:37.472] [bmv2] [D] [thread 291313] Entry 0 added to table 'MyIngress.mpls_tbl'
[14:50:37.472] [bmv2] [D] [thread 291313] Dumping entry 0
Match key:
* hdr.mpls[0].label   : EXACT     000001
* hdr.mpls[0].s       : EXACT     00
Action entry: MyIngress.mpls_forward - 623de5ae745b,1,

[14:50:37.473] [bmv2] [T] [thread 291313] bm_table_add_entry
[14:50:37.473] [bmv2] [D] [thread 291313] Entry 1 added to table 'MyIngress.mpls_tbl'
[14:50:37.473] [bmv2] [D] [thread 291313] Dumping entry 1
Match key:
* hdr.mpls[0].label   : EXACT     000002
* hdr.mpls[0].s       : EXACT     01
Action entry: MyIngress.penultimate - 9eb269e3dc6e,2,

open: No such file or directory
open: No such file or directory
open: No such file or directory
open: No such file or directory
open: No such file or directory
open: No such file or directory
open: No such file or directory
open: No such file or directory
open: No such file or directory
