Calling target program-options parser
[14:50:35.284] [bmv2] [D] [thread 291093] Set default default entry for table 'MyIngress.FEC_tbl': MyIngress.drop - 
[14:50:35.284] [bmv2] [D] [thread 291093] Set default default entry for table 'tbl_nfc398': nfc398 - 
[14:50:35.284] [bmv2] [D] [thread 291093] Set default default entry for table 'MyIngress.mpls_tbl': NoAction - 
[14:50:35.284] [bmv2] [D] [thread 291093] Set default default entry for table 'MyIngress.check_ports': NoAction - 
[14:50:35.284] [bmv2] [D] [thread 291093] Set default default entry for table 'tbl_nfc413': nfc413 - 
[14:50:35.284] [bmv2] [D] [thread 291093] Set default default entry for table 'MyIngress.mpls_nfc': NoAction - 
[14:50:35.284] [bmv2] [D] [thread 291093] Set default default entry for table 'MyIngress.ecmp_group_to_forward': MyIngress.drop - 
Adding interface s1-eth1 as port 1
[14:50:35.286] [bmv2] [D] [thread 291093] Adding interface s1-eth1 as port 1
Adding interface s1-eth2 as port 2
[14:50:35.288] [bmv2] [D] [thread 291093] Adding interface s1-eth2 as port 2
Adding interface s1-eth3 as port 3
[14:50:35.336] [bmv2] [D] [thread 291093] Adding interface s1-eth3 as port 3
[14:50:35.337] [bmv2] [I] [thread 291093] Starting Thrift server on port 9090
[14:50:35.338] [bmv2] [I] [thread 291093] Thrift server was started
[14:50:35.372] [bmv2] [D] [thread 291099] [0.0] [cxt 0] Processing packet received on port 1
[14:50:35.372] [bmv2] [D] [thread 291099] [0.0] [cxt 0] Parser 'parser': start
[14:50:35.372] [bmv2] [D] [thread 291099] [0.0] [cxt 0] Parser 'parser' entering state 'start'
[14:50:35.372] [bmv2] [D] [thread 291099] [0.0] [cxt 0] Extracting header 'ethernet'
[14:50:35.372] [bmv2] [D] [thread 291099] [0.0] [cxt 0] Parser state 'start': key is 86dd
[14:50:35.372] [bmv2] [T] [thread 291099] [0.0] [cxt 0] Bytes parsed: 14
[14:50:35.372] [bmv2] [T] [thread 291099] [0.0] [cxt 0] Skipping checksum 'cksum_0' verification because target field invalid
[14:50:35.372] [bmv2] [D] [thread 291099] [0.0] [cxt 0] Parser 'parser': end
[14:50:35.372] [bmv2] [D] [thread 291099] [0.0] [cxt 0] Pipeline 'ingress': start
[14:50:35.372] [bmv2] [T] [thread 291099] [0.0] [cxt 0] /home/gys/文档/P4/p4-learning/exercises/experiment/p4src/nfc.p4(455) Condition "hdr.ipv4.isValid()" (node_2) is false
[14:50:35.372] [bmv2] [T] [thread 291099] [0.0] [cxt 0] /home/gys/文档/P4/p4-learning/exercises/experiment/p4src/nfc.p4(459) Condition "hdr.mpls[0].isValid()" (node_4) is false
[14:50:35.372] [bmv2] [T] [thread 291099] [0.0] [cxt 0] Applying table 'MyIngress.check_ports'
[14:50:35.372] [bmv2] [D] [thread 291099] [0.0] [cxt 0] Looking up key:
* standard_metadata.ingress_port: 0001
* standard_metadata.egress_spec : 0000

[14:50:35.372] [bmv2] [D] [thread 291099] [0.0] [cxt 0] Table 'MyIngress.check_ports': miss
[14:50:35.372] [bmv2] [D] [thread 291099] [0.0] [cxt 0] Action entry is NoAction - 
[14:50:35.372] [bmv2] [T] [thread 291099] [0.0] [cxt 0] Action NoAction
[14:50:35.372] [bmv2] [T] [thread 291099] [0.0] [cxt 0] /home/gys/文档/P4/p4-learning/exercises/experiment/p4src/nfc.p4(465) Condition "hdr.mpls[0].isValid()" (node_8) is false
[14:50:35.372] [bmv2] [D] [thread 291099] [0.0] [cxt 0] Pipeline 'ingress': end
[14:50:35.372] [bmv2] [D] [thread 291099] [0.0] [cxt 0] Egress port is 0
[14:50:35.372] [bmv2] [D] [thread 291100] [0.0] [cxt 0] Pipeline 'egress': start
[14:50:35.373] [bmv2] [D] [thread 291100] [0.0] [cxt 0] Pipeline 'egress': end
[14:50:35.373] [bmv2] [D] [thread 291100] [0.0] [cxt 0] Deparser 'deparser': start
[14:50:35.373] [bmv2] [T] [thread 291100] [0.0] [cxt 0] Skipping checksum 'cksum' update because condition not met
[14:50:35.373] [bmv2] [D] [thread 291100] [0.0] [cxt 0] Deparsing header 'ethernet'
[14:50:35.373] [bmv2] [D] [thread 291100] [0.0] [cxt 0] Deparser 'deparser': end
[14:50:35.373] [bmv2] [D] [thread 291104] [0.0] [cxt 0] Transmitting packet of size 90 out of port 0
[14:50:35.463] [bmv2] [D] [thread 291099] [1.0] [cxt 0] Processing packet received on port 3
[14:50:35.463] [bmv2] [D] [thread 291099] [1.0] [cxt 0] Parser 'parser': start
[14:50:35.463] [bmv2] [D] [thread 291099] [1.0] [cxt 0] Parser 'parser' entering state 'start'
[14:50:35.464] [bmv2] [D] [thread 291099] [1.0] [cxt 0] Extracting header 'ethernet'
[14:50:35.464] [bmv2] [D] [thread 291099] [1.0] [cxt 0] Parser state 'start': key is 86dd
[14:50:35.464] [bmv2] [T] [thread 291099] [1.0] [cxt 0] Bytes parsed: 14
[14:50:35.464] [bmv2] [T] [thread 291099] [1.0] [cxt 0] Skipping checksum 'cksum_0' verification because target field invalid
[14:50:35.464] [bmv2] [D] [thread 291099] [1.0] [cxt 0] Parser 'parser': end
[14:50:35.464] [bmv2] [D] [thread 291099] [1.0] [cxt 0] Pipeline 'ingress': start
[14:50:35.464] [bmv2] [T] [thread 291099] [1.0] [cxt 0] /home/gys/文档/P4/p4-learning/exercises/experiment/p4src/nfc.p4(455) Condition "hdr.ipv4.isValid()" (node_2) is false
[14:50:35.464] [bmv2] [T] [thread 291099] [1.0] [cxt 0] /home/gys/文档/P4/p4-learning/exercises/experiment/p4src/nfc.p4(459) Condition "hdr.mpls[0].isValid()" (node_4) is false
[14:50:35.464] [bmv2] [T] [thread 291099] [1.0] [cxt 0] Applying table 'MyIngress.check_ports'
[14:50:35.464] [bmv2] [D] [thread 291099] [1.0] [cxt 0] Looking up key:
* standard_metadata.ingress_port: 0003
* standard_metadata.egress_spec : 0000

[14:50:35.464] [bmv2] [D] [thread 291099] [1.0] [cxt 0] Table 'MyIngress.check_ports': miss
[14:50:35.464] [bmv2] [D] [thread 291099] [1.0] [cxt 0] Action entry is NoAction - 
[14:50:35.464] [bmv2] [T] [thread 291099] [1.0] [cxt 0] Action NoAction
[14:50:35.464] [bmv2] [T] [thread 291099] [1.0] [cxt 0] /home/gys/文档/P4/p4-learning/exercises/experiment/p4src/nfc.p4(465) Condition "hdr.mpls[0].isValid()" (node_8) is false
[14:50:35.464] [bmv2] [D] [thread 291099] [1.0] [cxt 0] Pipeline 'ingress': end
[14:50:35.464] [bmv2] [D] [thread 291099] [1.0] [cxt 0] Egress port is 0
[14:50:35.464] [bmv2] [D] [thread 291100] [1.0] [cxt 0] Pipeline 'egress': start
[14:50:35.464] [bmv2] [D] [thread 291100] [1.0] [cxt 0] Pipeline 'egress': end
[14:50:35.464] [bmv2] [D] [thread 291100] [1.0] [cxt 0] Deparser 'deparser': start
[14:50:35.464] [bmv2] [T] [thread 291100] [1.0] [cxt 0] Skipping checksum 'cksum' update because condition not met
[14:50:35.464] [bmv2] [D] [thread 291100] [1.0] [cxt 0] Deparsing header 'ethernet'
[14:50:35.464] [bmv2] [D] [thread 291100] [1.0] [cxt 0] Deparser 'deparser': end
[14:50:35.464] [bmv2] [D] [thread 291104] [1.0] [cxt 0] Transmitting packet of size 90 out of port 0
[14:50:35.527] [bmv2] [D] [thread 291099] [2.0] [cxt 0] Processing packet received on port 3
[14:50:35.527] [bmv2] [D] [thread 291099] [2.0] [cxt 0] Parser 'parser': start
[14:50:35.527] [bmv2] [D] [thread 291099] [2.0] [cxt 0] Parser 'parser' entering state 'start'
[14:50:35.527] [bmv2] [D] [thread 291099] [2.0] [cxt 0] Extracting header 'ethernet'
[14:50:35.527] [bmv2] [D] [thread 291099] [2.0] [cxt 0] Parser state 'start': key is 86dd
[14:50:35.527] [bmv2] [T] [thread 291099] [2.0] [cxt 0] Bytes parsed: 14
[14:50:35.528] [bmv2] [T] [thread 291099] [2.0] [cxt 0] Skipping checksum 'cksum_0' verification because target field invalid
[14:50:35.528] [bmv2] [D] [thread 291099] [2.0] [cxt 0] Parser 'parser': end
[14:50:35.528] [bmv2] [D] [thread 291099] [2.0] [cxt 0] Pipeline 'ingress': start
[14:50:35.528] [bmv2] [T] [thread 291099] [2.0] [cxt 0] /home/gys/文档/P4/p4-learning/exercises/experiment/p4src/nfc.p4(455) Condition "hdr.ipv4.isValid()" (node_2) is false
[14:50:35.528] [bmv2] [T] [thread 291099] [2.0] [cxt 0] /home/gys/文档/P4/p4-learning/exercises/experiment/p4src/nfc.p4(459) Condition "hdr.mpls[0].isValid()" (node_4) is false
[14:50:35.528] [bmv2] [T] [thread 291099] [2.0] [cxt 0] Applying table 'MyIngress.check_ports'
[14:50:35.528] [bmv2] [D] [thread 291099] [2.0] [cxt 0] Looking up key:
* standard_metadata.ingress_port: 0003
* standard_metadata.egress_spec : 0000

[14:50:35.528] [bmv2] [D] [thread 291099] [2.0] [cxt 0] Table 'MyIngress.check_ports': miss
[14:50:35.528] [bmv2] [D] [thread 291099] [2.0] [cxt 0] Action entry is NoAction - 
[14:50:35.528] [bmv2] [T] [thread 291099] [2.0] [cxt 0] Action NoAction
[14:50:35.528] [bmv2] [T] [thread 291099] [2.0] [cxt 0] /home/gys/文档/P4/p4-learning/exercises/experiment/p4src/nfc.p4(465) Condition "hdr.mpls[0].isValid()" (node_8) is false
[14:50:35.528] [bmv2] [D] [thread 291099] [2.0] [cxt 0] Pipeline 'ingress': end
[14:50:35.528] [bmv2] [D] [thread 291099] [2.0] [cxt 0] Egress port is 0
[14:50:35.528] [bmv2] [D] [thread 291100] [2.0] [cxt 0] Pipeline 'egress': start
[14:50:35.528] [bmv2] [D] [thread 291100] [2.0] [cxt 0] Pipeline 'egress': end
[14:50:35.528] [bmv2] [D] [thread 291100] [2.0] [cxt 0] Deparser 'deparser': start
[14:50:35.528] [bmv2] [T] [thread 291100] [2.0] [cxt 0] Skipping checksum 'cksum' update because condition not met
[14:50:35.528] [bmv2] [D] [thread 291100] [2.0] [cxt 0] Deparsing header 'ethernet'
[14:50:35.528] [bmv2] [D] [thread 291100] [2.0] [cxt 0] Deparser 'deparser': end
[14:50:35.528] [bmv2] [D] [thread 291104] [2.0] [cxt 0] Transmitting packet of size 86 out of port 0
[14:50:35.849] [bmv2] [D] [thread 291099] [3.0] [cxt 0] Processing packet received on port 2
[14:50:35.849] [bmv2] [D] [thread 291099] [3.0] [cxt 0] Parser 'parser': start
[14:50:35.849] [bmv2] [D] [thread 291099] [3.0] [cxt 0] Parser 'parser' entering state 'start'
[14:50:35.849] [bmv2] [D] [thread 291099] [3.0] [cxt 0] Extracting header 'ethernet'
[14:50:35.849] [bmv2] [D] [thread 291099] [3.0] [cxt 0] Parser state 'start': key is 86dd
[14:50:35.849] [bmv2] [T] [thread 291099] [3.0] [cxt 0] Bytes parsed: 14
[14:50:35.849] [bmv2] [T] [thread 291099] [3.0] [cxt 0] Skipping checksum 'cksum_0' verification because target field invalid
[14:50:35.849] [bmv2] [D] [thread 291099] [3.0] [cxt 0] Parser 'parser': end
[14:50:35.849] [bmv2] [D] [thread 291099] [3.0] [cxt 0] Pipeline 'ingress': start
[14:50:35.849] [bmv2] [T] [thread 291099] [3.0] [cxt 0] /home/gys/文档/P4/p4-learning/exercises/experiment/p4src/nfc.p4(455) Condition "hdr.ipv4.isValid()" (node_2) is false
[14:50:35.849] [bmv2] [T] [thread 291099] [3.0] [cxt 0] /home/gys/文档/P4/p4-learning/exercises/experiment/p4src/nfc.p4(459) Condition "hdr.mpls[0].isValid()" (node_4) is false
[14:50:35.849] [bmv2] [T] [thread 291099] [3.0] [cxt 0] Applying table 'MyIngress.check_ports'
[14:50:35.849] [bmv2] [D] [thread 291099] [3.0] [cxt 0] Looking up key:
* standard_metadata.ingress_port: 0002
* standard_metadata.egress_spec : 0000

[14:50:35.849] [bmv2] [D] [thread 291099] [3.0] [cxt 0] Table 'MyIngress.check_ports': miss
[14:50:35.849] [bmv2] [D] [thread 291099] [3.0] [cxt 0] Action entry is NoAction - 
[14:50:35.849] [bmv2] [T] [thread 291099] [3.0] [cxt 0] Action NoAction
[14:50:35.849] [bmv2] [T] [thread 291099] [3.0] [cxt 0] /home/gys/文档/P4/p4-learning/exercises/experiment/p4src/nfc.p4(465) Condition "hdr.mpls[0].isValid()" (node_8) is false
[14:50:35.849] [bmv2] [D] [thread 291099] [3.0] [cxt 0] Pipeline 'ingress': end
[14:50:35.849] [bmv2] [D] [thread 291099] [3.0] [cxt 0] Egress port is 0
[14:50:35.849] [bmv2] [D] [thread 291099] [4.0] [cxt 0] Processing packet received on port 2
[14:50:35.849] [bmv2] [D] [thread 291099] [4.0] [cxt 0] Parser 'parser': start
[14:50:35.849] [bmv2] [D] [thread 291099] [4.0] [cxt 0] Parser 'parser' entering state 'start'
[14:50:35.849] [bmv2] [D] [thread 291100] [3.0] [cxt 0] Pipeline 'egress': start
[14:50:35.849] [bmv2] [D] [thread 291099] [4.0] [cxt 0] Extracting header 'ethernet'
[14:50:35.849] [bmv2] [D] [thread 291100] [3.0] [cxt 0] Pipeline 'egress': end
[14:50:35.849] [bmv2] [D] [thread 291099] [4.0] [cxt 0] Parser state 'start': key is 86dd
[14:50:35.850] [bmv2] [T] [thread 291099] [4.0] [cxt 0] Bytes parsed: 14
[14:50:35.850] [bmv2] [T] [thread 291099] [4.0] [cxt 0] Skipping checksum 'cksum_0' verification because target field invalid
[14:50:35.850] [bmv2] [D] [thread 291100] [3.0] [cxt 0] Deparser 'deparser': start
[14:50:35.850] [bmv2] [D] [thread 291099] [4.0] [cxt 0] Parser 'parser': end
[14:50:35.850] [bmv2] [T] [thread 291100] [3.0] [cxt 0] Skipping checksum 'cksum' update because condition not met
[14:50:35.850] [bmv2] [D] [thread 291099] [4.0] [cxt 0] Pipeline 'ingress': start
[14:50:35.850] [bmv2] [D] [thread 291100] [3.0] [cxt 0] Deparsing header 'ethernet'
[14:50:35.850] [bmv2] [T] [thread 291099] [4.0] [cxt 0] /home/gys/文档/P4/p4-learning/exercises/experiment/p4src/nfc.p4(455) Condition "hdr.ipv4.isValid()" (node_2) is false
[14:50:35.850] [bmv2] [D] [thread 291100] [3.0] [cxt 0] Deparser 'deparser': end
[14:50:35.850] [bmv2] [T] [thread 291099] [4.0] [cxt 0] /home/gys/文档/P4/p4-learning/exercises/experiment/p4src/nfc.p4(459) Condition "hdr.mpls[0].isValid()" (node_4) is false
[14:50:35.850] [bmv2] [T] [thread 291099] [4.0] [cxt 0] Applying table 'MyIngress.check_ports'
[14:50:35.850] [bmv2] [D] [thread 291104] [3.0] [cxt 0] Transmitting packet of size 90 out of port 0
[14:50:35.850] [bmv2] [D] [thread 291099] [4.0] [cxt 0] Looking up key:
* standard_metadata.ingress_port: 0002
* standard_metadata.egress_spec : 0000

[14:50:35.850] [bmv2] [D] [thread 291099] [4.0] [cxt 0] Table 'MyIngress.check_ports': miss
[14:50:35.850] [bmv2] [D] [thread 291099] [4.0] [cxt 0] Action entry is NoAction - 
[14:50:35.850] [bmv2] [T] [thread 291099] [4.0] [cxt 0] Action NoAction
[14:50:35.850] [bmv2] [T] [thread 291099] [4.0] [cxt 0] /home/gys/文档/P4/p4-learning/exercises/experiment/p4src/nfc.p4(465) Condition "hdr.mpls[0].isValid()" (node_8) is false
[14:50:35.850] [bmv2] [D] [thread 291099] [4.0] [cxt 0] Pipeline 'ingress': end
[14:50:35.850] [bmv2] [D] [thread 291099] [4.0] [cxt 0] Egress port is 0
[14:50:35.850] [bmv2] [D] [thread 291100] [4.0] [cxt 0] Pipeline 'egress': start
[14:50:35.850] [bmv2] [D] [thread 291100] [4.0] [cxt 0] Pipeline 'egress': end
[14:50:35.850] [bmv2] [D] [thread 291100] [4.0] [cxt 0] Deparser 'deparser': start
[14:50:35.850] [bmv2] [T] [thread 291100] [4.0] [cxt 0] Skipping checksum 'cksum' update because condition not met
[14:50:35.850] [bmv2] [D] [thread 291100] [4.0] [cxt 0] Deparsing header 'ethernet'
[14:50:35.850] [bmv2] [D] [thread 291100] [4.0] [cxt 0] Deparser 'deparser': end
[14:50:35.850] [bmv2] [D] [thread 291104] [4.0] [cxt 0] Transmitting packet of size 70 out of port 0
[14:50:35.859] [bmv2] [D] [thread 291099] [5.0] [cxt 0] Processing packet received on port 2
[14:50:35.859] [bmv2] [D] [thread 291099] [5.0] [cxt 0] Parser 'parser': start
[14:50:35.859] [bmv2] [D] [thread 291099] [5.0] [cxt 0] Parser 'parser' entering state 'start'
[14:50:35.859] [bmv2] [D] [thread 291099] [5.0] [cxt 0] Extracting header 'ethernet'
[14:50:35.859] [bmv2] [D] [thread 291099] [5.0] [cxt 0] Parser state 'start': key is 86dd
[14:50:35.859] [bmv2] [T] [thread 291099] [5.0] [cxt 0] Bytes parsed: 14
[14:50:35.859] [bmv2] [T] [thread 291099] [5.0] [cxt 0] Skipping checksum 'cksum_0' verification because target field invalid
[14:50:35.859] [bmv2] [D] [thread 291099] [5.0] [cxt 0] Parser 'parser': end
[14:50:35.859] [bmv2] [D] [thread 291099] [5.0] [cxt 0] Pipeline 'ingress': start
[14:50:35.859] [bmv2] [T] [thread 291099] [5.0] [cxt 0] /home/gys/文档/P4/p4-learning/exercises/experiment/p4src/nfc.p4(455) Condition "hdr.ipv4.isValid()" (node_2) is false
[14:50:35.859] [bmv2] [T] [thread 291099] [5.0] [cxt 0] /home/gys/文档/P4/p4-learning/exercises/experiment/p4src/nfc.p4(459) Condition "hdr.mpls[0].isValid()" (node_4) is false
[14:50:35.859] [bmv2] [T] [thread 291099] [5.0] [cxt 0] Applying table 'MyIngress.check_ports'
[14:50:35.860] [bmv2] [D] [thread 291099] [5.0] [cxt 0] Looking up key:
* standard_metadata.ingress_port: 0002
* standard_metadata.egress_spec : 0000

[14:50:35.860] [bmv2] [D] [thread 291099] [5.0] [cxt 0] Table 'MyIngress.check_ports': miss
[14:50:35.860] [bmv2] [D] [thread 291099] [5.0] [cxt 0] Action entry is NoAction - 
[14:50:35.860] [bmv2] [T] [thread 291099] [5.0] [cxt 0] Action NoAction
[14:50:35.860] [bmv2] [T] [thread 291099] [5.0] [cxt 0] /home/gys/文档/P4/p4-learning/exercises/experiment/p4src/nfc.p4(465) Condition "hdr.mpls[0].isValid()" (node_8) is false
[14:50:35.860] [bmv2] [D] [thread 291099] [5.0] [cxt 0] Pipeline 'ingress': end
[14:50:35.860] [bmv2] [D] [thread 291099] [5.0] [cxt 0] Egress port is 0
[14:50:35.860] [bmv2] [D] [thread 291100] [5.0] [cxt 0] Pipeline 'egress': start
[14:50:35.860] [bmv2] [D] [thread 291100] [5.0] [cxt 0] Pipeline 'egress': end
[14:50:35.860] [bmv2] [D] [thread 291100] [5.0] [cxt 0] Deparser 'deparser': start
[14:50:35.860] [bmv2] [T] [thread 291100] [5.0] [cxt 0] Skipping checksum 'cksum' update because condition not met
[14:50:35.860] [bmv2] [D] [thread 291100] [5.0] [cxt 0] Deparsing header 'ethernet'
[14:50:35.860] [bmv2] [D] [thread 291100] [5.0] [cxt 0] Deparser 'deparser': end
[14:50:35.860] [bmv2] [D] [thread 291104] [5.0] [cxt 0] Transmitting packet of size 110 out of port 0
[14:50:35.863] [bmv2] [D] [thread 291099] [6.0] [cxt 0] Processing packet received on port 2
[14:50:35.863] [bmv2] [D] [thread 291099] [6.0] [cxt 0] Parser 'parser': start
[14:50:35.863] [bmv2] [D] [thread 291099] [6.0] [cxt 0] Parser 'parser' entering state 'start'
[14:50:35.863] [bmv2] [D] [thread 291099] [6.0] [cxt 0] Extracting header 'ethernet'
[14:50:35.863] [bmv2] [D] [thread 291099] [6.0] [cxt 0] Parser state 'start': key is 86dd
[14:50:35.863] [bmv2] [T] [thread 291099] [6.0] [cxt 0] Bytes parsed: 14
[14:50:35.863] [bmv2] [T] [thread 291099] [6.0] [cxt 0] Skipping checksum 'cksum_0' verification because target field invalid
[14:50:35.863] [bmv2] [D] [thread 291099] [6.0] [cxt 0] Parser 'parser': end
[14:50:35.863] [bmv2] [D] [thread 291099] [6.0] [cxt 0] Pipeline 'ingress': start
[14:50:35.863] [bmv2] [T] [thread 291099] [6.0] [cxt 0] /home/gys/文档/P4/p4-learning/exercises/experiment/p4src/nfc.p4(455) Condition "hdr.ipv4.isValid()" (node_2) is false
[14:50:35.863] [bmv2] [T] [thread 291099] [6.0] [cxt 0] /home/gys/文档/P4/p4-learning/exercises/experiment/p4src/nfc.p4(459) Condition "hdr.mpls[0].isValid()" (node_4) is false
[14:50:35.863] [bmv2] [T] [thread 291099] [6.0] [cxt 0] Applying table 'MyIngress.check_ports'
[14:50:35.863] [bmv2] [D] [thread 291099] [6.0] [cxt 0] Looking up key:
* standard_metadata.ingress_port: 0002
* standard_metadata.egress_spec : 0000

[14:50:35.863] [bmv2] [D] [thread 291099] [6.0] [cxt 0] Table 'MyIngress.check_ports': miss
[14:50:35.863] [bmv2] [D] [thread 291099] [6.0] [cxt 0] Action entry is NoAction - 
[14:50:35.863] [bmv2] [T] [thread 291099] [6.0] [cxt 0] Action NoAction
[14:50:35.864] [bmv2] [T] [thread 291099] [6.0] [cxt 0] /home/gys/文档/P4/p4-learning/exercises/experiment/p4src/nfc.p4(465) Condition "hdr.mpls[0].isValid()" (node_8) is false
[14:50:35.864] [bmv2] [D] [thread 291099] [6.0] [cxt 0] Pipeline 'ingress': end
[14:50:35.864] [bmv2] [D] [thread 291099] [6.0] [cxt 0] Egress port is 0
[14:50:35.864] [bmv2] [D] [thread 291100] [6.0] [cxt 0] Pipeline 'egress': start
[14:50:35.864] [bmv2] [D] [thread 291100] [6.0] [cxt 0] Pipeline 'egress': end
[14:50:35.864] [bmv2] [D] [thread 291100] [6.0] [cxt 0] Deparser 'deparser': start
[14:50:35.864] [bmv2] [T] [thread 291100] [6.0] [cxt 0] Skipping checksum 'cksum' update because condition not met
[14:50:35.864] [bmv2] [D] [thread 291100] [6.0] [cxt 0] Deparsing header 'ethernet'
[14:50:35.864] [bmv2] [D] [thread 291100] [6.0] [cxt 0] Deparser 'deparser': end
[14:50:35.864] [bmv2] [D] [thread 291104] [6.0] [cxt 0] Transmitting packet of size 90 out of port 0
[14:50:35.948] [bmv2] [D] [thread 291099] [7.0] [cxt 0] Processing packet received on port 2
[14:50:35.948] [bmv2] [D] [thread 291099] [7.0] [cxt 0] Parser 'parser': start
[14:50:35.948] [bmv2] [D] [thread 291099] [7.0] [cxt 0] Parser 'parser' entering state 'start'
[14:50:35.948] [bmv2] [D] [thread 291099] [7.0] [cxt 0] Extracting header 'ethernet'
[14:50:35.948] [bmv2] [D] [thread 291099] [7.0] [cxt 0] Parser state 'start': key is 86dd
[14:50:35.948] [bmv2] [T] [thread 291099] [7.0] [cxt 0] Bytes parsed: 14
[14:50:35.948] [bmv2] [T] [thread 291099] [7.0] [cxt 0] Skipping checksum 'cksum_0' verification because target field invalid
[14:50:35.948] [bmv2] [D] [thread 291099] [7.0] [cxt 0] Parser 'parser': end
[14:50:35.948] [bmv2] [D] [thread 291099] [7.0] [cxt 0] Pipeline 'ingress': start
[14:50:35.948] [bmv2] [T] [thread 291099] [7.0] [cxt 0] /home/gys/文档/P4/p4-learning/exercises/experiment/p4src/nfc.p4(455) Condition "hdr.ipv4.isValid()" (node_2) is false
[14:50:35.948] [bmv2] [T] [thread 291099] [7.0] [cxt 0] /home/gys/文档/P4/p4-learning/exercises/experiment/p4src/nfc.p4(459) Condition "hdr.mpls[0].isValid()" (node_4) is false
[14:50:35.948] [bmv2] [T] [thread 291099] [7.0] [cxt 0] Applying table 'MyIngress.check_ports'
[14:50:35.948] [bmv2] [D] [thread 291099] [7.0] [cxt 0] Looking up key:
* standard_metadata.ingress_port: 0002
* standard_metadata.egress_spec : 0000

[14:50:35.948] [bmv2] [D] [thread 291099] [7.0] [cxt 0] Table 'MyIngress.check_ports': miss
[14:50:35.948] [bmv2] [D] [thread 291099] [7.0] [cxt 0] Action entry is NoAction - 
[14:50:35.948] [bmv2] [T] [thread 291099] [7.0] [cxt 0] Action NoAction
[14:50:35.948] [bmv2] [T] [thread 291099] [7.0] [cxt 0] /home/gys/文档/P4/p4-learning/exercises/experiment/p4src/nfc.p4(465) Condition "hdr.mpls[0].isValid()" (node_8) is false
[14:50:35.948] [bmv2] [D] [thread 291099] [7.0] [cxt 0] Pipeline 'ingress': end
[14:50:35.948] [bmv2] [D] [thread 291099] [7.0] [cxt 0] Egress port is 0
[14:50:35.949] [bmv2] [D] [thread 291100] [7.0] [cxt 0] Pipeline 'egress': start
[14:50:35.949] [bmv2] [D] [thread 291100] [7.0] [cxt 0] Pipeline 'egress': end
[14:50:35.949] [bmv2] [D] [thread 291100] [7.0] [cxt 0] Deparser 'deparser': start
[14:50:35.949] [bmv2] [T] [thread 291100] [7.0] [cxt 0] Skipping checksum 'cksum' update because condition not met
[14:50:35.949] [bmv2] [D] [thread 291100] [7.0] [cxt 0] Deparsing header 'ethernet'
[14:50:35.949] [bmv2] [D] [thread 291100] [7.0] [cxt 0] Deparser 'deparser': end
[14:50:35.949] [bmv2] [D] [thread 291104] [7.0] [cxt 0] Transmitting packet of size 107 out of port 0
[14:50:35.977] [bmv2] [D] [thread 291099] [8.0] [cxt 0] Processing packet received on port 1
[14:50:35.977] [bmv2] [D] [thread 291099] [8.0] [cxt 0] Parser 'parser': start
[14:50:35.977] [bmv2] [D] [thread 291099] [8.0] [cxt 0] Parser 'parser' entering state 'start'
[14:50:35.977] [bmv2] [D] [thread 291099] [8.0] [cxt 0] Extracting header 'ethernet'
[14:50:35.977] [bmv2] [D] [thread 291099] [8.0] [cxt 0] Parser state 'start': key is 86dd
[14:50:35.977] [bmv2] [T] [thread 291099] [8.0] [cxt 0] Bytes parsed: 14
[14:50:35.977] [bmv2] [T] [thread 291099] [8.0] [cxt 0] Skipping checksum 'cksum_0' verification because target field invalid
[14:50:35.977] [bmv2] [D] [thread 291099] [8.0] [cxt 0] Parser 'parser': end
[14:50:35.977] [bmv2] [D] [thread 291099] [8.0] [cxt 0] Pipeline 'ingress': start
[14:50:35.977] [bmv2] [T] [thread 291099] [8.0] [cxt 0] /home/gys/文档/P4/p4-learning/exercises/experiment/p4src/nfc.p4(455) Condition "hdr.ipv4.isValid()" (node_2) is false
[14:50:35.977] [bmv2] [T] [thread 291099] [8.0] [cxt 0] /home/gys/文档/P4/p4-learning/exercises/experiment/p4src/nfc.p4(459) Condition "hdr.mpls[0].isValid()" (node_4) is false
[14:50:35.977] [bmv2] [T] [thread 291099] [8.0] [cxt 0] Applying table 'MyIngress.check_ports'
[14:50:35.977] [bmv2] [D] [thread 291099] [8.0] [cxt 0] Looking up key:
* standard_metadata.ingress_port: 0001
* standard_metadata.egress_spec : 0000

[14:50:35.977] [bmv2] [D] [thread 291099] [8.0] [cxt 0] Table 'MyIngress.check_ports': miss
[14:50:35.977] [bmv2] [D] [thread 291099] [8.0] [cxt 0] Action entry is NoAction - 
[14:50:35.977] [bmv2] [T] [thread 291099] [8.0] [cxt 0] Action NoAction
[14:50:35.977] [bmv2] [T] [thread 291099] [8.0] [cxt 0] /home/gys/文档/P4/p4-learning/exercises/experiment/p4src/nfc.p4(465) Condition "hdr.mpls[0].isValid()" (node_8) is false
[14:50:35.977] [bmv2] [D] [thread 291099] [8.0] [cxt 0] Pipeline 'ingress': end
[14:50:35.977] [bmv2] [D] [thread 291099] [8.0] [cxt 0] Egress port is 0
[14:50:35.977] [bmv2] [D] [thread 291099] [9.0] [cxt 0] Processing packet received on port 2
[14:50:35.977] [bmv2] [D] [thread 291099] [9.0] [cxt 0] Parser 'parser': start
[14:50:35.977] [bmv2] [D] [thread 291099] [9.0] [cxt 0] Parser 'parser' entering state 'start'
[14:50:35.977] [bmv2] [D] [thread 291100] [8.0] [cxt 0] Pipeline 'egress': start
[14:50:35.977] [bmv2] [D] [thread 291099] [9.0] [cxt 0] Extracting header 'ethernet'
[14:50:35.977] [bmv2] [D] [thread 291100] [8.0] [cxt 0] Pipeline 'egress': end
[14:50:35.977] [bmv2] [D] [thread 291099] [9.0] [cxt 0] Parser state 'start': key is 86dd
[14:50:35.977] [bmv2] [T] [thread 291099] [9.0] [cxt 0] Bytes parsed: 14
[14:50:35.977] [bmv2] [T] [thread 291099] [9.0] [cxt 0] Skipping checksum 'cksum_0' verification because target field invalid
[14:50:35.977] [bmv2] [D] [thread 291099] [9.0] [cxt 0] Parser 'parser': end
[14:50:35.977] [bmv2] [D] [thread 291100] [8.0] [cxt 0] Deparser 'deparser': start
[14:50:35.978] [bmv2] [T] [thread 291100] [8.0] [cxt 0] Skipping checksum 'cksum' update because condition not met
[14:50:35.978] [bmv2] [D] [thread 291100] [8.0] [cxt 0] Deparsing header 'ethernet'
[14:50:35.978] [bmv2] [D] [thread 291100] [8.0] [cxt 0] Deparser 'deparser': end
[14:50:35.977] [bmv2] [D] [thread 291099] [9.0] [cxt 0] Pipeline 'ingress': start
[14:50:35.978] [bmv2] [D] [thread 291104] [8.0] [cxt 0] Transmitting packet of size 90 out of port 0
[14:50:35.978] [bmv2] [T] [thread 291099] [9.0] [cxt 0] /home/gys/文档/P4/p4-learning/exercises/experiment/p4src/nfc.p4(455) Condition "hdr.ipv4.isValid()" (node_2) is false
[14:50:35.978] [bmv2] [T] [thread 291099] [9.0] [cxt 0] /home/gys/文档/P4/p4-learning/exercises/experiment/p4src/nfc.p4(459) Condition "hdr.mpls[0].isValid()" (node_4) is false
[14:50:35.978] [bmv2] [T] [thread 291099] [9.0] [cxt 0] Applying table 'MyIngress.check_ports'
[14:50:35.978] [bmv2] [D] [thread 291099] [9.0] [cxt 0] Looking up key:
* standard_metadata.ingress_port: 0002
* standard_metadata.egress_spec : 0000

[14:50:35.978] [bmv2] [D] [thread 291099] [9.0] [cxt 0] Table 'MyIngress.check_ports': miss
[14:50:35.978] [bmv2] [D] [thread 291099] [9.0] [cxt 0] Action entry is NoAction - 
[14:50:35.978] [bmv2] [T] [thread 291099] [9.0] [cxt 0] Action NoAction
[14:50:35.978] [bmv2] [T] [thread 291099] [9.0] [cxt 0] /home/gys/文档/P4/p4-learning/exercises/experiment/p4src/nfc.p4(465) Condition "hdr.mpls[0].isValid()" (node_8) is false
[14:50:35.978] [bmv2] [D] [thread 291099] [9.0] [cxt 0] Pipeline 'ingress': end
[14:50:35.978] [bmv2] [D] [thread 291099] [9.0] [cxt 0] Egress port is 0
[14:50:35.978] [bmv2] [D] [thread 291099] [10.0] [cxt 0] Processing packet received on port 1
[14:50:35.978] [bmv2] [D] [thread 291099] [10.0] [cxt 0] Parser 'parser': start
[14:50:35.978] [bmv2] [D] [thread 291099] [10.0] [cxt 0] Parser 'parser' entering state 'start'
[14:50:35.978] [bmv2] [D] [thread 291099] [10.0] [cxt 0] Extracting header 'ethernet'
[14:50:35.978] [bmv2] [D] [thread 291100] [9.0] [cxt 0] Pipeline 'egress': start
[14:50:35.978] [bmv2] [D] [thread 291099] [10.0] [cxt 0] Parser state 'start': key is 86dd
[14:50:35.978] [bmv2] [T] [thread 291099] [10.0] [cxt 0] Bytes parsed: 14
[14:50:35.978] [bmv2] [D] [thread 291100] [9.0] [cxt 0] Pipeline 'egress': end
[14:50:35.978] [bmv2] [T] [thread 291099] [10.0] [cxt 0] Skipping checksum 'cksum_0' verification because target field invalid
[14:50:35.978] [bmv2] [D] [thread 291100] [9.0] [cxt 0] Deparser 'deparser': start
[14:50:35.978] [bmv2] [D] [thread 291099] [10.0] [cxt 0] Parser 'parser': end
[14:50:35.978] [bmv2] [T] [thread 291100] [9.0] [cxt 0] Skipping checksum 'cksum' update because condition not met
[14:50:35.978] [bmv2] [D] [thread 291099] [10.0] [cxt 0] Pipeline 'ingress': start
[14:50:35.978] [bmv2] [D] [thread 291100] [9.0] [cxt 0] Deparsing header 'ethernet'
[14:50:35.978] [bmv2] [T] [thread 291099] [10.0] [cxt 0] /home/gys/文档/P4/p4-learning/exercises/experiment/p4src/nfc.p4(455) Condition "hdr.ipv4.isValid()" (node_2) is false
[14:50:35.978] [bmv2] [D] [thread 291100] [9.0] [cxt 0] Deparser 'deparser': end
[14:50:35.978] [bmv2] [T] [thread 291099] [10.0] [cxt 0] /home/gys/文档/P4/p4-learning/exercises/experiment/p4src/nfc.p4(459) Condition "hdr.mpls[0].isValid()" (node_4) is false
[14:50:35.978] [bmv2] [T] [thread 291099] [10.0] [cxt 0] Applying table 'MyIngress.check_ports'
[14:50:35.978] [bmv2] [D] [thread 291104] [9.0] [cxt 0] Transmitting packet of size 90 out of port 0
[14:50:35.978] [bmv2] [D] [thread 291099] [10.0] [cxt 0] Looking up key:
* standard_metadata.ingress_port: 0001
* standard_metadata.egress_spec : 0000

[14:50:35.978] [bmv2] [D] [thread 291099] [10.0] [cxt 0] Table 'MyIngress.check_ports': miss
[14:50:35.979] [bmv2] [D] [thread 291099] [10.0] [cxt 0] Action entry is NoAction - 
[14:50:35.979] [bmv2] [T] [thread 291099] [10.0] [cxt 0] Action NoAction
[14:50:35.979] [bmv2] [T] [thread 291099] [10.0] [cxt 0] /home/gys/文档/P4/p4-learning/exercises/experiment/p4src/nfc.p4(465) Condition "hdr.mpls[0].isValid()" (node_8) is false
[14:50:35.979] [bmv2] [D] [thread 291099] [10.0] [cxt 0] Pipeline 'ingress': end
[14:50:35.979] [bmv2] [D] [thread 291099] [10.0] [cxt 0] Egress port is 0
[14:50:35.979] [bmv2] [D] [thread 291099] [11.0] [cxt 0] Processing packet received on port 2
[14:50:35.979] [bmv2] [D] [thread 291099] [11.0] [cxt 0] Parser 'parser': start
[14:50:35.979] [bmv2] [D] [thread 291100] [10.0] [cxt 0] Pipeline 'egress': start
[14:50:35.979] [bmv2] [D] [thread 291099] [11.0] [cxt 0] Parser 'parser' entering state 'start'
[14:50:35.979] [bmv2] [D] [thread 291100] [10.0] [cxt 0] Pipeline 'egress': end
[14:50:35.979] [bmv2] [D] [thread 291099] [11.0] [cxt 0] Extracting header 'ethernet'
[14:50:35.979] [bmv2] [D] [thread 291100] [10.0] [cxt 0] Deparser 'deparser': start
[14:50:35.979] [bmv2] [D] [thread 291099] [11.0] [cxt 0] Parser state 'start': key is 86dd
[14:50:35.979] [bmv2] [T] [thread 291099] [11.0] [cxt 0] Bytes parsed: 14
[14:50:35.979] [bmv2] [T] [thread 291099] [11.0] [cxt 0] Skipping checksum 'cksum_0' verification because target field invalid
[14:50:35.979] [bmv2] [T] [thread 291100] [10.0] [cxt 0] Skipping checksum 'cksum' update because condition not met
[14:50:35.979] [bmv2] [D] [thread 291099] [11.0] [cxt 0] Parser 'parser': end
[14:50:35.979] [bmv2] [D] [thread 291100] [10.0] [cxt 0] Deparsing header 'ethernet'
[14:50:35.979] [bmv2] [D] [thread 291099] [11.0] [cxt 0] Pipeline 'ingress': start
[14:50:35.979] [bmv2] [D] [thread 291100] [10.0] [cxt 0] Deparser 'deparser': end
[14:50:35.979] [bmv2] [T] [thread 291099] [11.0] [cxt 0] /home/gys/文档/P4/p4-learning/exercises/experiment/p4src/nfc.p4(455) Condition "hdr.ipv4.isValid()" (node_2) is false
[14:50:35.979] [bmv2] [D] [thread 291104] [10.0] [cxt 0] Transmitting packet of size 70 out of port 0
[14:50:35.979] [bmv2] [T] [thread 291099] [11.0] [cxt 0] /home/gys/文档/P4/p4-learning/exercises/experiment/p4src/nfc.p4(459) Condition "hdr.mpls[0].isValid()" (node_4) is false
[14:50:35.979] [bmv2] [T] [thread 291099] [11.0] [cxt 0] Applying table 'MyIngress.check_ports'
[14:50:35.979] [bmv2] [D] [thread 291099] [11.0] [cxt 0] Looking up key:
* standard_metadata.ingress_port: 0002
* standard_metadata.egress_spec : 0000

[14:50:35.979] [bmv2] [D] [thread 291099] [11.0] [cxt 0] Table 'MyIngress.check_ports': miss
[14:50:35.979] [bmv2] [D] [thread 291099] [11.0] [cxt 0] Action entry is NoAction - 
[14:50:35.979] [bmv2] [T] [thread 291099] [11.0] [cxt 0] Action NoAction
[14:50:35.979] [bmv2] [T] [thread 291099] [11.0] [cxt 0] /home/gys/文档/P4/p4-learning/exercises/experiment/p4src/nfc.p4(465) Condition "hdr.mpls[0].isValid()" (node_8) is false
[14:50:35.979] [bmv2] [D] [thread 291099] [11.0] [cxt 0] Pipeline 'ingress': end
[14:50:35.979] [bmv2] [D] [thread 291099] [11.0] [cxt 0] Egress port is 0
[14:50:35.979] [bmv2] [D] [thread 291100] [11.0] [cxt 0] Pipeline 'egress': start
[14:50:35.979] [bmv2] [D] [thread 291100] [11.0] [cxt 0] Pipeline 'egress': end
[14:50:35.979] [bmv2] [D] [thread 291100] [11.0] [cxt 0] Deparser 'deparser': start
[14:50:35.979] [bmv2] [T] [thread 291100] [11.0] [cxt 0] Skipping checksum 'cksum' update because condition not met
[14:50:35.979] [bmv2] [D] [thread 291100] [11.0] [cxt 0] Deparsing header 'ethernet'
[14:50:35.979] [bmv2] [D] [thread 291100] [11.0] [cxt 0] Deparser 'deparser': end
[14:50:35.979] [bmv2] [D] [thread 291104] [11.0] [cxt 0] Transmitting packet of size 70 out of port 0
[14:50:35.983] [bmv2] [D] [thread 291099] [12.0] [cxt 0] Processing packet received on port 2
[14:50:35.983] [bmv2] [D] [thread 291099] [12.0] [cxt 0] Parser 'parser': start
[14:50:35.983] [bmv2] [D] [thread 291099] [12.0] [cxt 0] Parser 'parser' entering state 'start'
[14:50:35.983] [bmv2] [D] [thread 291099] [12.0] [cxt 0] Extracting header 'ethernet'
[14:50:35.983] [bmv2] [D] [thread 291099] [12.0] [cxt 0] Parser state 'start': key is 86dd
[14:50:35.983] [bmv2] [T] [thread 291099] [12.0] [cxt 0] Bytes parsed: 14
[14:50:35.983] [bmv2] [T] [thread 291099] [12.0] [cxt 0] Skipping checksum 'cksum_0' verification because target field invalid
[14:50:35.983] [bmv2] [D] [thread 291099] [12.0] [cxt 0] Parser 'parser': end
[14:50:35.983] [bmv2] [D] [thread 291099] [12.0] [cxt 0] Pipeline 'ingress': start
[14:50:35.983] [bmv2] [T] [thread 291099] [12.0] [cxt 0] /home/gys/文档/P4/p4-learning/exercises/experiment/p4src/nfc.p4(455) Condition "hdr.ipv4.isValid()" (node_2) is false
[14:50:35.983] [bmv2] [T] [thread 291099] [12.0] [cxt 0] /home/gys/文档/P4/p4-learning/exercises/experiment/p4src/nfc.p4(459) Condition "hdr.mpls[0].isValid()" (node_4) is false
[14:50:35.983] [bmv2] [T] [thread 291099] [12.0] [cxt 0] Applying table 'MyIngress.check_ports'
[14:50:35.983] [bmv2] [D] [thread 291099] [12.0] [cxt 0] Looking up key:
* standard_metadata.ingress_port: 0002
* standard_metadata.egress_spec : 0000

[14:50:35.983] [bmv2] [D] [thread 291099] [12.0] [cxt 0] Table 'MyIngress.check_ports': miss
[14:50:35.983] [bmv2] [D] [thread 291099] [12.0] [cxt 0] Action entry is NoAction - 
[14:50:35.983] [bmv2] [T] [thread 291099] [12.0] [cxt 0] Action NoAction
[14:50:35.983] [bmv2] [T] [thread 291099] [12.0] [cxt 0] /home/gys/文档/P4/p4-learning/exercises/experiment/p4src/nfc.p4(465) Condition "hdr.mpls[0].isValid()" (node_8) is false
[14:50:35.983] [bmv2] [D] [thread 291099] [12.0] [cxt 0] Pipeline 'ingress': end
[14:50:35.984] [bmv2] [D] [thread 291099] [12.0] [cxt 0] Egress port is 0
[14:50:35.984] [bmv2] [D] [thread 291100] [12.0] [cxt 0] Pipeline 'egress': start
[14:50:35.984] [bmv2] [D] [thread 291100] [12.0] [cxt 0] Pipeline 'egress': end
[14:50:35.984] [bmv2] [D] [thread 291100] [12.0] [cxt 0] Deparser 'deparser': start
[14:50:35.984] [bmv2] [T] [thread 291100] [12.0] [cxt 0] Skipping checksum 'cksum' update because condition not met
[14:50:35.984] [bmv2] [D] [thread 291100] [12.0] [cxt 0] Deparsing header 'ethernet'
[14:50:35.984] [bmv2] [D] [thread 291100] [12.0] [cxt 0] Deparser 'deparser': end
[14:50:35.984] [bmv2] [D] [thread 291104] [12.0] [cxt 0] Transmitting packet of size 90 out of port 0
[14:50:35.987] [bmv2] [D] [thread 291099] [13.0] [cxt 0] Processing packet received on port 1
[14:50:35.987] [bmv2] [D] [thread 291099] [13.0] [cxt 0] Parser 'parser': start
[14:50:35.987] [bmv2] [D] [thread 291099] [13.0] [cxt 0] Parser 'parser' entering state 'start'
[14:50:35.987] [bmv2] [D] [thread 291099] [13.0] [cxt 0] Extracting header 'ethernet'
[14:50:35.987] [bmv2] [D] [thread 291099] [13.0] [cxt 0] Parser state 'start': key is 86dd
[14:50:35.987] [bmv2] [T] [thread 291099] [13.0] [cxt 0] Bytes parsed: 14
[14:50:35.987] [bmv2] [T] [thread 291099] [13.0] [cxt 0] Skipping checksum 'cksum_0' verification because target field invalid
[14:50:35.987] [bmv2] [D] [thread 291099] [13.0] [cxt 0] Parser 'parser': end
[14:50:35.987] [bmv2] [D] [thread 291099] [13.0] [cxt 0] Pipeline 'ingress': start
[14:50:35.987] [bmv2] [T] [thread 291099] [13.0] [cxt 0] /home/gys/文档/P4/p4-learning/exercises/experiment/p4src/nfc.p4(455) Condition "hdr.ipv4.isValid()" (node_2) is false
[14:50:35.987] [bmv2] [T] [thread 291099] [13.0] [cxt 0] /home/gys/文档/P4/p4-learning/exercises/experiment/p4src/nfc.p4(459) Condition "hdr.mpls[0].isValid()" (node_4) is false
[14:50:35.987] [bmv2] [T] [thread 291099] [13.0] [cxt 0] Applying table 'MyIngress.check_ports'
[14:50:35.987] [bmv2] [D] [thread 291099] [13.0] [cxt 0] Looking up key:
* standard_metadata.ingress_port: 0001
* standard_metadata.egress_spec : 0000

[14:50:35.988] [bmv2] [D] [thread 291099] [13.0] [cxt 0] Table 'MyIngress.check_ports': miss
[14:50:35.988] [bmv2] [D] [thread 291099] [13.0] [cxt 0] Action entry is NoAction - 
[14:50:35.988] [bmv2] [T] [thread 291099] [13.0] [cxt 0] Action NoAction
[14:50:35.988] [bmv2] [T] [thread 291099] [13.0] [cxt 0] /home/gys/文档/P4/p4-learning/exercises/experiment/p4src/nfc.p4(465) Condition "hdr.mpls[0].isValid()" (node_8) is false
[14:50:35.988] [bmv2] [D] [thread 291099] [13.0] [cxt 0] Pipeline 'ingress': end
[14:50:35.988] [bmv2] [D] [thread 291099] [13.0] [cxt 0] Egress port is 0
[14:50:35.988] [bmv2] [D] [thread 291099] [14.0] [cxt 0] Processing packet received on port 2
[14:50:35.988] [bmv2] [D] [thread 291099] [14.0] [cxt 0] Parser 'parser': start
[14:50:35.988] [bmv2] [D] [thread 291099] [14.0] [cxt 0] Parser 'parser' entering state 'start'
[14:50:35.988] [bmv2] [D] [thread 291100] [13.0] [cxt 0] Pipeline 'egress': start
[14:50:35.988] [bmv2] [D] [thread 291099] [14.0] [cxt 0] Extracting header 'ethernet'
[14:50:35.988] [bmv2] [D] [thread 291100] [13.0] [cxt 0] Pipeline 'egress': end
[14:50:35.988] [bmv2] [D] [thread 291099] [14.0] [cxt 0] Parser state 'start': key is 86dd
[14:50:35.988] [bmv2] [D] [thread 291100] [13.0] [cxt 0] Deparser 'deparser': start
[14:50:35.988] [bmv2] [T] [thread 291099] [14.0] [cxt 0] Bytes parsed: 14
[14:50:35.988] [bmv2] [T] [thread 291100] [13.0] [cxt 0] Skipping checksum 'cksum' update because condition not met
[14:50:35.988] [bmv2] [T] [thread 291099] [14.0] [cxt 0] Skipping checksum 'cksum_0' verification because target field invalid
[14:50:35.988] [bmv2] [D] [thread 291100] [13.0] [cxt 0] Deparsing header 'ethernet'
[14:50:35.988] [bmv2] [D] [thread 291099] [14.0] [cxt 0] Parser 'parser': end
[14:50:35.988] [bmv2] [D] [thread 291100] [13.0] [cxt 0] Deparser 'deparser': end
[14:50:35.988] [bmv2] [D] [thread 291099] [14.0] [cxt 0] Pipeline 'ingress': start
[14:50:35.988] [bmv2] [T] [thread 291099] [14.0] [cxt 0] /home/gys/文档/P4/p4-learning/exercises/experiment/p4src/nfc.p4(455) Condition "hdr.ipv4.isValid()" (node_2) is false
[14:50:35.988] [bmv2] [T] [thread 291099] [14.0] [cxt 0] /home/gys/文档/P4/p4-learning/exercises/experiment/p4src/nfc.p4(459) Condition "hdr.mpls[0].isValid()" (node_4) is false
[14:50:35.988] [bmv2] [T] [thread 291099] [14.0] [cxt 0] Applying table 'MyIngress.check_ports'
[14:50:35.988] [bmv2] [D] [thread 291104] [13.0] [cxt 0] Transmitting packet of size 90 out of port 0
[14:50:35.988] [bmv2] [D] [thread 291099] [14.0] [cxt 0] Looking up key:
* standard_metadata.ingress_port: 0002
* standard_metadata.egress_spec : 0000

[14:50:35.988] [bmv2] [D] [thread 291099] [14.0] [cxt 0] Table 'MyIngress.check_ports': miss
[14:50:35.988] [bmv2] [D] [thread 291099] [14.0] [cxt 0] Action entry is NoAction - 
[14:50:35.988] [bmv2] [T] [thread 291099] [14.0] [cxt 0] Action NoAction
[14:50:35.988] [bmv2] [T] [thread 291099] [14.0] [cxt 0] /home/gys/文档/P4/p4-learning/exercises/experiment/p4src/nfc.p4(465) Condition "hdr.mpls[0].isValid()" (node_8) is false
[14:50:35.988] [bmv2] [D] [thread 291099] [14.0] [cxt 0] Pipeline 'ingress': end
[14:50:35.988] [bmv2] [D] [thread 291099] [14.0] [cxt 0] Egress port is 0
[14:50:35.988] [bmv2] [D] [thread 291100] [14.0] [cxt 0] Pipeline 'egress': start
[14:50:35.988] [bmv2] [D] [thread 291100] [14.0] [cxt 0] Pipeline 'egress': end
[14:50:35.988] [bmv2] [D] [thread 291100] [14.0] [cxt 0] Deparser 'deparser': start
[14:50:35.988] [bmv2] [T] [thread 291100] [14.0] [cxt 0] Skipping checksum 'cksum' update because condition not met
[14:50:35.988] [bmv2] [D] [thread 291100] [14.0] [cxt 0] Deparsing header 'ethernet'
[14:50:35.988] [bmv2] [D] [thread 291100] [14.0] [cxt 0] Deparser 'deparser': end
[14:50:35.988] [bmv2] [D] [thread 291104] [14.0] [cxt 0] Transmitting packet of size 90 out of port 0
[14:50:35.996] [bmv2] [D] [thread 291099] [15.0] [cxt 0] Processing packet received on port 2
[14:50:35.996] [bmv2] [D] [thread 291099] [15.0] [cxt 0] Parser 'parser': start
[14:50:35.996] [bmv2] [D] [thread 291099] [15.0] [cxt 0] Parser 'parser' entering state 'start'
[14:50:35.996] [bmv2] [D] [thread 291099] [15.0] [cxt 0] Extracting header 'ethernet'
[14:50:35.996] [bmv2] [D] [thread 291099] [15.0] [cxt 0] Parser state 'start': key is 86dd
[14:50:35.996] [bmv2] [T] [thread 291099] [15.0] [cxt 0] Bytes parsed: 14
[14:50:35.996] [bmv2] [T] [thread 291099] [15.0] [cxt 0] Skipping checksum 'cksum_0' verification because target field invalid
[14:50:35.996] [bmv2] [D] [thread 291099] [15.0] [cxt 0] Parser 'parser': end
[14:50:35.996] [bmv2] [D] [thread 291099] [15.0] [cxt 0] Pipeline 'ingress': start
[14:50:35.996] [bmv2] [T] [thread 291099] [15.0] [cxt 0] /home/gys/文档/P4/p4-learning/exercises/experiment/p4src/nfc.p4(455) Condition "hdr.ipv4.isValid()" (node_2) is false
[14:50:35.996] [bmv2] [T] [thread 291099] [15.0] [cxt 0] /home/gys/文档/P4/p4-learning/exercises/experiment/p4src/nfc.p4(459) Condition "hdr.mpls[0].isValid()" (node_4) is false
[14:50:35.996] [bmv2] [T] [thread 291099] [15.0] [cxt 0] Applying table 'MyIngress.check_ports'
[14:50:35.996] [bmv2] [D] [thread 291099] [15.0] [cxt 0] Looking up key:
* standard_metadata.ingress_port: 0002
* standard_metadata.egress_spec : 0000

[14:50:35.996] [bmv2] [D] [thread 291099] [15.0] [cxt 0] Table 'MyIngress.check_ports': miss
[14:50:35.996] [bmv2] [D] [thread 291099] [15.0] [cxt 0] Action entry is NoAction - 
[14:50:35.996] [bmv2] [T] [thread 291099] [15.0] [cxt 0] Action NoAction
[14:50:35.996] [bmv2] [T] [thread 291099] [15.0] [cxt 0] /home/gys/文档/P4/p4-learning/exercises/experiment/p4src/nfc.p4(465) Condition "hdr.mpls[0].isValid()" (node_8) is false
[14:50:35.997] [bmv2] [D] [thread 291099] [15.0] [cxt 0] Pipeline 'ingress': end
[14:50:35.997] [bmv2] [D] [thread 291099] [15.0] [cxt 0] Egress port is 0
[14:50:35.997] [bmv2] [D] [thread 291100] [15.0] [cxt 0] Pipeline 'egress': start
[14:50:35.997] [bmv2] [D] [thread 291100] [15.0] [cxt 0] Pipeline 'egress': end
[14:50:35.997] [bmv2] [D] [thread 291100] [15.0] [cxt 0] Deparser 'deparser': start
[14:50:35.997] [bmv2] [T] [thread 291100] [15.0] [cxt 0] Skipping checksum 'cksum' update because condition not met
[14:50:35.997] [bmv2] [D] [thread 291100] [15.0] [cxt 0] Deparsing header 'ethernet'
[14:50:35.997] [bmv2] [D] [thread 291100] [15.0] [cxt 0] Deparser 'deparser': end
[14:50:35.997] [bmv2] [D] [thread 291104] [15.0] [cxt 0] Transmitting packet of size 238 out of port 0
[14:50:36.503] [bmv2] [T] [thread 291277] bm_get_config
[14:50:36.513] [bmv2] [T] [thread 291277] bm_table_add_entry
[14:50:36.513] [bmv2] [D] [thread 291277] Entry 0 added to table 'MyIngress.mpls_tbl'
[14:50:36.513] [bmv2] [D] [thread 291277] Dumping entry 0
Match key:
* hdr.mpls[0].label   : EXACT     000002
* hdr.mpls[0].s       : EXACT     00
Action entry: MyIngress.mpls_forward - 20100,2,

[14:50:36.514] [bmv2] [T] [thread 291277] bm_table_add_entry
[14:50:36.514] [bmv2] [D] [thread 291277] Entry 1 added to table 'MyIngress.mpls_tbl'
[14:50:36.514] [bmv2] [D] [thread 291277] Dumping entry 1
Match key:
* hdr.mpls[0].label   : EXACT     000003
* hdr.mpls[0].s       : EXACT     00
Action entry: MyIngress.mpls_forward - 62ec2abc2f39,3,

open: No such file or directory
open: No such file or directory
open: No such file or directory
open: No such file or directory
open: No such file or directory
open: No such file or directory
open: No such file or directory
open: No such file or directory
open: No such file or directory
open: No such file or directory
