Calling target program-options parser
[14:50:35.455] [bmv2] [D] [thread 291119] Set default default entry for table 'MyIngress.FEC_tbl': MyIngress.drop - 
[14:50:35.455] [bmv2] [D] [thread 291119] Set default default entry for table 'tbl_nfc398': nfc398 - 
[14:50:35.455] [bmv2] [D] [thread 291119] Set default default entry for table 'MyIngress.mpls_tbl': NoAction - 
[14:50:35.455] [bmv2] [D] [thread 291119] Set default default entry for table 'MyIngress.check_ports': NoAction - 
[14:50:35.455] [bmv2] [D] [thread 291119] Set default default entry for table 'tbl_nfc413': nfc413 - 
[14:50:35.455] [bmv2] [D] [thread 291119] Set default default entry for table 'MyIngress.mpls_nfc': NoAction - 
[14:50:35.455] [bmv2] [D] [thread 291119] Set default default entry for table 'MyIngress.ecmp_group_to_forward': MyIngress.drop - 
Adding interface s3-eth1 as port 1
[14:50:35.458] [bmv2] [D] [thread 291119] Adding interface s3-eth1 as port 1
Adding interface s3-eth2 as port 2
[14:50:35.459] [bmv2] [D] [thread 291119] Adding interface s3-eth2 as port 2
[14:50:35.504] [bmv2] [I] [thread 291119] Starting Thrift server on port 9092
[14:50:35.504] [bmv2] [I] [thread 291119] Thrift server was started
[14:50:35.505] [bmv2] [D] [thread 291125] [0.0] [cxt 0] Processing packet received on port 1
[14:50:35.506] [bmv2] [D] [thread 291125] [0.0] [cxt 0] Parser 'parser': start
[14:50:35.506] [bmv2] [D] [thread 291125] [0.0] [cxt 0] Parser 'parser' entering state 'start'
[14:50:35.506] [bmv2] [D] [thread 291125] [0.0] [cxt 0] Extracting header 'ethernet'
[14:50:35.506] [bmv2] [D] [thread 291125] [0.0] [cxt 0] Parser state 'start': key is 86dd
[14:50:35.506] [bmv2] [T] [thread 291125] [0.0] [cxt 0] Bytes parsed: 14
[14:50:35.506] [bmv2] [T] [thread 291125] [0.0] [cxt 0] Skipping checksum 'cksum_0' verification because target field invalid
[14:50:35.506] [bmv2] [D] [thread 291125] [0.0] [cxt 0] Parser 'parser': end
[14:50:35.506] [bmv2] [D] [thread 291125] [0.0] [cxt 0] Pipeline 'ingress': start
[14:50:35.506] [bmv2] [T] [thread 291125] [0.0] [cxt 0] /home/gys/文档/P4/p4-learning/exercises/experiment/p4src/nfc.p4(455) Condition "hdr.ipv4.isValid()" (node_2) is false
[14:50:35.506] [bmv2] [T] [thread 291125] [0.0] [cxt 0] /home/gys/文档/P4/p4-learning/exercises/experiment/p4src/nfc.p4(459) Condition "hdr.mpls[0].isValid()" (node_4) is false
[14:50:35.506] [bmv2] [T] [thread 291125] [0.0] [cxt 0] Applying table 'MyIngress.check_ports'
[14:50:35.506] [bmv2] [D] [thread 291125] [0.0] [cxt 0] Looking up key:
* standard_metadata.ingress_port: 0001
* standard_metadata.egress_spec : 0000

[14:50:35.506] [bmv2] [D] [thread 291125] [0.0] [cxt 0] Table 'MyIngress.check_ports': miss
[14:50:35.506] [bmv2] [D] [thread 291125] [0.0] [cxt 0] Action entry is NoAction - 
[14:50:35.506] [bmv2] [T] [thread 291125] [0.0] [cxt 0] Action NoAction
[14:50:35.506] [bmv2] [T] [thread 291125] [0.0] [cxt 0] /home/gys/文档/P4/p4-learning/exercises/experiment/p4src/nfc.p4(465) Condition "hdr.mpls[0].isValid()" (node_8) is false
[14:50:35.506] [bmv2] [D] [thread 291125] [0.0] [cxt 0] Pipeline 'ingress': end
[14:50:35.506] [bmv2] [D] [thread 291125] [0.0] [cxt 0] Egress port is 0
[14:50:35.506] [bmv2] [D] [thread 291126] [0.0] [cxt 0] Pipeline 'egress': start
[14:50:35.506] [bmv2] [D] [thread 291126] [0.0] [cxt 0] Pipeline 'egress': end
[14:50:35.506] [bmv2] [D] [thread 291126] [0.0] [cxt 0] Deparser 'deparser': start
[14:50:35.506] [bmv2] [T] [thread 291126] [0.0] [cxt 0] Skipping checksum 'cksum' update because condition not met
[14:50:35.506] [bmv2] [D] [thread 291126] [0.0] [cxt 0] Deparsing header 'ethernet'
[14:50:35.506] [bmv2] [D] [thread 291126] [0.0] [cxt 0] Deparser 'deparser': end
[14:50:35.506] [bmv2] [D] [thread 291130] [0.0] [cxt 0] Transmitting packet of size 90 out of port 0
[14:50:35.527] [bmv2] [D] [thread 291125] [1.0] [cxt 0] Processing packet received on port 1
[14:50:35.527] [bmv2] [D] [thread 291125] [1.0] [cxt 0] Parser 'parser': start
[14:50:35.527] [bmv2] [D] [thread 291125] [1.0] [cxt 0] Parser 'parser' entering state 'start'
[14:50:35.527] [bmv2] [D] [thread 291125] [1.0] [cxt 0] Extracting header 'ethernet'
[14:50:35.527] [bmv2] [D] [thread 291125] [1.0] [cxt 0] Parser state 'start': key is 86dd
[14:50:35.528] [bmv2] [T] [thread 291125] [1.0] [cxt 0] Bytes parsed: 14
[14:50:35.528] [bmv2] [T] [thread 291125] [1.0] [cxt 0] Skipping checksum 'cksum_0' verification because target field invalid
[14:50:35.528] [bmv2] [D] [thread 291125] [1.0] [cxt 0] Parser 'parser': end
[14:50:35.528] [bmv2] [D] [thread 291125] [1.0] [cxt 0] Pipeline 'ingress': start
[14:50:35.528] [bmv2] [T] [thread 291125] [1.0] [cxt 0] /home/gys/文档/P4/p4-learning/exercises/experiment/p4src/nfc.p4(455) Condition "hdr.ipv4.isValid()" (node_2) is false
[14:50:35.528] [bmv2] [T] [thread 291125] [1.0] [cxt 0] /home/gys/文档/P4/p4-learning/exercises/experiment/p4src/nfc.p4(459) Condition "hdr.mpls[0].isValid()" (node_4) is false
[14:50:35.528] [bmv2] [T] [thread 291125] [1.0] [cxt 0] Applying table 'MyIngress.check_ports'
[14:50:35.528] [bmv2] [D] [thread 291125] [1.0] [cxt 0] Looking up key:
* standard_metadata.ingress_port: 0001
* standard_metadata.egress_spec : 0000

[14:50:35.528] [bmv2] [D] [thread 291125] [1.0] [cxt 0] Table 'MyIngress.check_ports': miss
[14:50:35.528] [bmv2] [D] [thread 291125] [1.0] [cxt 0] Action entry is NoAction - 
[14:50:35.528] [bmv2] [T] [thread 291125] [1.0] [cxt 0] Action NoAction
[14:50:35.528] [bmv2] [T] [thread 291125] [1.0] [cxt 0] /home/gys/文档/P4/p4-learning/exercises/experiment/p4src/nfc.p4(465) Condition "hdr.mpls[0].isValid()" (node_8) is false
[14:50:35.528] [bmv2] [D] [thread 291125] [1.0] [cxt 0] Pipeline 'ingress': end
[14:50:35.528] [bmv2] [D] [thread 291125] [1.0] [cxt 0] Egress port is 0
[14:50:35.528] [bmv2] [D] [thread 291126] [1.0] [cxt 0] Pipeline 'egress': start
[14:50:35.528] [bmv2] [D] [thread 291126] [1.0] [cxt 0] Pipeline 'egress': end
[14:50:35.528] [bmv2] [D] [thread 291126] [1.0] [cxt 0] Deparser 'deparser': start
[14:50:35.528] [bmv2] [T] [thread 291126] [1.0] [cxt 0] Skipping checksum 'cksum' update because condition not met
[14:50:35.528] [bmv2] [D] [thread 291126] [1.0] [cxt 0] Deparsing header 'ethernet'
[14:50:35.528] [bmv2] [D] [thread 291126] [1.0] [cxt 0] Deparser 'deparser': end
[14:50:35.528] [bmv2] [D] [thread 291130] [1.0] [cxt 0] Transmitting packet of size 86 out of port 0
[14:50:36.981] [bmv2] [T] [thread 291285] bm_get_config
[14:50:36.990] [bmv2] [T] [thread 291285] bm_table_add_entry
[14:50:36.990] [bmv2] [D] [thread 291285] Entry 0 added to table 'MyIngress.mpls_tbl'
[14:50:36.990] [bmv2] [D] [thread 291285] Dumping entry 0
Match key:
* hdr.mpls[0].label   : EXACT     000001
* hdr.mpls[0].s       : EXACT     01
Action entry: MyIngress.penultimate - 129edf447f7b,1,

[14:50:36.991] [bmv2] [T] [thread 291285] bm_table_add_entry
[14:50:36.991] [bmv2] [D] [thread 291285] Entry 1 added to table 'MyIngress.mpls_tbl'
[14:50:36.991] [bmv2] [D] [thread 291285] Dumping entry 1
Match key:
* hdr.mpls[0].label   : EXACT     000002
* hdr.mpls[0].s       : EXACT     00
Action entry: MyIngress.mpls_forward - 5abb3da4c223,2,

open: No such file or directory
open: No such file or directory
open: No such file or directory
open: No such file or directory
open: No such file or directory
open: No such file or directory
open: No such file or directory
open: No such file or directory
open: No such file or directory
