Calling target program-options parser
[14:50:35.397] [bmv2] [D] [thread 291106] Set default default entry for table 'MyIngress.FEC_tbl': MyIngress.drop - 
[14:50:35.397] [bmv2] [D] [thread 291106] Set default default entry for table 'tbl_nfc398': nfc398 - 
[14:50:35.397] [bmv2] [D] [thread 291106] Set default default entry for table 'MyIngress.mpls_tbl': NoAction - 
[14:50:35.397] [bmv2] [D] [thread 291106] Set default default entry for table 'MyIngress.check_ports': NoAction - 
[14:50:35.397] [bmv2] [D] [thread 291106] Set default default entry for table 'tbl_nfc413': nfc413 - 
[14:50:35.397] [bmv2] [D] [thread 291106] Set default default entry for table 'MyIngress.mpls_nfc': NoAction - 
[14:50:35.397] [bmv2] [D] [thread 291106] Set default default entry for table 'MyIngress.ecmp_group_to_forward': MyIngress.drop - 
Adding interface s2-eth1 as port 1
[14:50:35.400] [bmv2] [D] [thread 291106] Adding interface s2-eth1 as port 1
Adding interface s2-eth2 as port 2
[14:50:35.402] [bmv2] [D] [thread 291106] Adding interface s2-eth2 as port 2
[14:50:35.404] [bmv2] [I] [thread 291106] Starting Thrift server on port 9091
[14:50:35.404] [bmv2] [I] [thread 291106] Thrift server was started
[14:50:35.432] [bmv2] [D] [thread 291112] [0.0] [cxt 0] Processing packet received on port 2
[14:50:35.432] [bmv2] [D] [thread 291112] [0.0] [cxt 0] Parser 'parser': start
[14:50:35.432] [bmv2] [D] [thread 291112] [0.0] [cxt 0] Parser 'parser' entering state 'start'
[14:50:35.432] [bmv2] [D] [thread 291112] [0.0] [cxt 0] Extracting header 'ethernet'
[14:50:35.432] [bmv2] [D] [thread 291112] [0.0] [cxt 0] Parser state 'start': key is 86dd
[14:50:35.432] [bmv2] [T] [thread 291112] [0.0] [cxt 0] Bytes parsed: 14
[14:50:35.432] [bmv2] [T] [thread 291112] [0.0] [cxt 0] Skipping checksum 'cksum_0' verification because target field invalid
[14:50:35.432] [bmv2] [D] [thread 291112] [0.0] [cxt 0] Parser 'parser': end
[14:50:35.432] [bmv2] [D] [thread 291112] [0.0] [cxt 0] Pipeline 'ingress': start
[14:50:35.432] [bmv2] [T] [thread 291112] [0.0] [cxt 0] /home/gys/文档/P4/p4-learning/exercises/experiment/p4src/nfc.p4(455) Condition "hdr.ipv4.isValid()" (node_2) is false
[14:50:35.432] [bmv2] [T] [thread 291112] [0.0] [cxt 0] /home/gys/文档/P4/p4-learning/exercises/experiment/p4src/nfc.p4(459) Condition "hdr.mpls[0].isValid()" (node_4) is false
[14:50:35.432] [bmv2] [T] [thread 291112] [0.0] [cxt 0] Applying table 'MyIngress.check_ports'
[14:50:35.432] [bmv2] [D] [thread 291112] [0.0] [cxt 0] Looking up key:
* standard_metadata.ingress_port: 0002
* standard_metadata.egress_spec : 0000

[14:50:35.432] [bmv2] [D] [thread 291112] [0.0] [cxt 0] Table 'MyIngress.check_ports': miss
[14:50:35.432] [bmv2] [D] [thread 291112] [0.0] [cxt 0] Action entry is NoAction - 
[14:50:35.432] [bmv2] [T] [thread 291112] [0.0] [cxt 0] Action NoAction
[14:50:35.433] [bmv2] [T] [thread 291112] [0.0] [cxt 0] /home/gys/文档/P4/p4-learning/exercises/experiment/p4src/nfc.p4(465) Condition "hdr.mpls[0].isValid()" (node_8) is false
[14:50:35.433] [bmv2] [D] [thread 291112] [0.0] [cxt 0] Pipeline 'ingress': end
[14:50:35.433] [bmv2] [D] [thread 291112] [0.0] [cxt 0] Egress port is 0
[14:50:35.433] [bmv2] [D] [thread 291113] [0.0] [cxt 0] Pipeline 'egress': start
[14:50:35.433] [bmv2] [D] [thread 291113] [0.0] [cxt 0] Pipeline 'egress': end
[14:50:35.433] [bmv2] [D] [thread 291113] [0.0] [cxt 0] Deparser 'deparser': start
[14:50:35.433] [bmv2] [T] [thread 291113] [0.0] [cxt 0] Skipping checksum 'cksum' update because condition not met
[14:50:35.433] [bmv2] [D] [thread 291113] [0.0] [cxt 0] Deparsing header 'ethernet'
[14:50:35.433] [bmv2] [D] [thread 291113] [0.0] [cxt 0] Deparser 'deparser': end
[14:50:35.433] [bmv2] [D] [thread 291117] [0.0] [cxt 0] Transmitting packet of size 86 out of port 0
[14:50:35.559] [bmv2] [D] [thread 291112] [1.0] [cxt 0] Processing packet received on port 2
[14:50:35.559] [bmv2] [D] [thread 291112] [1.0] [cxt 0] Parser 'parser': start
[14:50:35.559] [bmv2] [D] [thread 291112] [1.0] [cxt 0] Parser 'parser' entering state 'start'
[14:50:35.559] [bmv2] [D] [thread 291112] [1.0] [cxt 0] Extracting header 'ethernet'
[14:50:35.559] [bmv2] [D] [thread 291112] [1.0] [cxt 0] Parser state 'start': key is 86dd
[14:50:35.559] [bmv2] [T] [thread 291112] [1.0] [cxt 0] Bytes parsed: 14
[14:50:35.559] [bmv2] [T] [thread 291112] [1.0] [cxt 0] Skipping checksum 'cksum_0' verification because target field invalid
[14:50:35.559] [bmv2] [D] [thread 291112] [1.0] [cxt 0] Parser 'parser': end
[14:50:35.559] [bmv2] [D] [thread 291112] [1.0] [cxt 0] Pipeline 'ingress': start
[14:50:35.559] [bmv2] [T] [thread 291112] [1.0] [cxt 0] /home/gys/文档/P4/p4-learning/exercises/experiment/p4src/nfc.p4(455) Condition "hdr.ipv4.isValid()" (node_2) is false
[14:50:35.559] [bmv2] [T] [thread 291112] [1.0] [cxt 0] /home/gys/文档/P4/p4-learning/exercises/experiment/p4src/nfc.p4(459) Condition "hdr.mpls[0].isValid()" (node_4) is false
[14:50:35.559] [bmv2] [T] [thread 291112] [1.0] [cxt 0] Applying table 'MyIngress.check_ports'
[14:50:35.560] [bmv2] [D] [thread 291112] [1.0] [cxt 0] Looking up key:
* standard_metadata.ingress_port: 0002
* standard_metadata.egress_spec : 0000

[14:50:35.560] [bmv2] [D] [thread 291112] [1.0] [cxt 0] Table 'MyIngress.check_ports': miss
[14:50:35.560] [bmv2] [D] [thread 291112] [1.0] [cxt 0] Action entry is NoAction - 
[14:50:35.560] [bmv2] [T] [thread 291112] [1.0] [cxt 0] Action NoAction
[14:50:35.560] [bmv2] [T] [thread 291112] [1.0] [cxt 0] /home/gys/文档/P4/p4-learning/exercises/experiment/p4src/nfc.p4(465) Condition "hdr.mpls[0].isValid()" (node_8) is false
[14:50:35.560] [bmv2] [D] [thread 291112] [1.0] [cxt 0] Pipeline 'ingress': end
[14:50:35.560] [bmv2] [D] [thread 291112] [1.0] [cxt 0] Egress port is 0
[14:50:35.560] [bmv2] [D] [thread 291113] [1.0] [cxt 0] Pipeline 'egress': start
[14:50:35.560] [bmv2] [D] [thread 291113] [1.0] [cxt 0] Pipeline 'egress': end
[14:50:35.560] [bmv2] [D] [thread 291113] [1.0] [cxt 0] Deparser 'deparser': start
[14:50:35.560] [bmv2] [T] [thread 291113] [1.0] [cxt 0] Skipping checksum 'cksum' update because condition not met
[14:50:35.560] [bmv2] [D] [thread 291113] [1.0] [cxt 0] Deparsing header 'ethernet'
[14:50:35.560] [bmv2] [D] [thread 291113] [1.0] [cxt 0] Deparser 'deparser': end
[14:50:35.560] [bmv2] [D] [thread 291117] [1.0] [cxt 0] Transmitting packet of size 90 out of port 0
[14:50:35.591] [bmv2] [D] [thread 291112] [2.0] [cxt 0] Processing packet received on port 2
[14:50:35.591] [bmv2] [D] [thread 291112] [2.0] [cxt 0] Parser 'parser': start
[14:50:35.591] [bmv2] [D] [thread 291112] [2.0] [cxt 0] Parser 'parser' entering state 'start'
[14:50:35.591] [bmv2] [D] [thread 291112] [2.0] [cxt 0] Extracting header 'ethernet'
[14:50:35.591] [bmv2] [D] [thread 291112] [2.0] [cxt 0] Parser state 'start': key is 86dd
[14:50:35.592] [bmv2] [T] [thread 291112] [2.0] [cxt 0] Bytes parsed: 14
[14:50:35.592] [bmv2] [T] [thread 291112] [2.0] [cxt 0] Skipping checksum 'cksum_0' verification because target field invalid
[14:50:35.592] [bmv2] [D] [thread 291112] [2.0] [cxt 0] Parser 'parser': end
[14:50:35.592] [bmv2] [D] [thread 291112] [2.0] [cxt 0] Pipeline 'ingress': start
[14:50:35.592] [bmv2] [T] [thread 291112] [2.0] [cxt 0] /home/gys/文档/P4/p4-learning/exercises/experiment/p4src/nfc.p4(455) Condition "hdr.ipv4.isValid()" (node_2) is false
[14:50:35.592] [bmv2] [T] [thread 291112] [2.0] [cxt 0] /home/gys/文档/P4/p4-learning/exercises/experiment/p4src/nfc.p4(459) Condition "hdr.mpls[0].isValid()" (node_4) is false
[14:50:35.592] [bmv2] [T] [thread 291112] [2.0] [cxt 0] Applying table 'MyIngress.check_ports'
[14:50:35.592] [bmv2] [D] [thread 291112] [2.0] [cxt 0] Looking up key:
* standard_metadata.ingress_port: 0002
* standard_metadata.egress_spec : 0000

[14:50:35.592] [bmv2] [D] [thread 291112] [2.0] [cxt 0] Table 'MyIngress.check_ports': miss
[14:50:35.592] [bmv2] [D] [thread 291112] [2.0] [cxt 0] Action entry is NoAction - 
[14:50:35.592] [bmv2] [T] [thread 291112] [2.0] [cxt 0] Action NoAction
[14:50:35.592] [bmv2] [T] [thread 291112] [2.0] [cxt 0] /home/gys/文档/P4/p4-learning/exercises/experiment/p4src/nfc.p4(465) Condition "hdr.mpls[0].isValid()" (node_8) is false
[14:50:35.592] [bmv2] [D] [thread 291112] [2.0] [cxt 0] Pipeline 'ingress': end
[14:50:35.592] [bmv2] [D] [thread 291112] [2.0] [cxt 0] Egress port is 0
[14:50:35.592] [bmv2] [D] [thread 291113] [2.0] [cxt 0] Pipeline 'egress': start
[14:50:35.592] [bmv2] [D] [thread 291113] [2.0] [cxt 0] Pipeline 'egress': end
[14:50:35.592] [bmv2] [D] [thread 291113] [2.0] [cxt 0] Deparser 'deparser': start
[14:50:35.592] [bmv2] [T] [thread 291113] [2.0] [cxt 0] Skipping checksum 'cksum' update because condition not met
[14:50:35.592] [bmv2] [D] [thread 291113] [2.0] [cxt 0] Deparsing header 'ethernet'
[14:50:35.592] [bmv2] [D] [thread 291113] [2.0] [cxt 0] Deparser 'deparser': end
[14:50:35.592] [bmv2] [D] [thread 291117] [2.0] [cxt 0] Transmitting packet of size 90 out of port 0
[14:50:35.849] [bmv2] [D] [thread 291112] [3.0] [cxt 0] Processing packet received on port 1
[14:50:35.849] [bmv2] [D] [thread 291112] [3.0] [cxt 0] Parser 'parser': start
[14:50:35.849] [bmv2] [D] [thread 291112] [3.0] [cxt 0] Parser 'parser' entering state 'start'
[14:50:35.849] [bmv2] [D] [thread 291112] [3.0] [cxt 0] Extracting header 'ethernet'
[14:50:35.849] [bmv2] [D] [thread 291112] [3.0] [cxt 0] Parser state 'start': key is 86dd
[14:50:35.849] [bmv2] [T] [thread 291112] [3.0] [cxt 0] Bytes parsed: 14
[14:50:35.849] [bmv2] [T] [thread 291112] [3.0] [cxt 0] Skipping checksum 'cksum_0' verification because target field invalid
[14:50:35.849] [bmv2] [D] [thread 291112] [3.0] [cxt 0] Parser 'parser': end
[14:50:35.849] [bmv2] [D] [thread 291112] [3.0] [cxt 0] Pipeline 'ingress': start
[14:50:35.849] [bmv2] [T] [thread 291112] [3.0] [cxt 0] /home/gys/文档/P4/p4-learning/exercises/experiment/p4src/nfc.p4(455) Condition "hdr.ipv4.isValid()" (node_2) is false
[14:50:35.849] [bmv2] [T] [thread 291112] [3.0] [cxt 0] /home/gys/文档/P4/p4-learning/exercises/experiment/p4src/nfc.p4(459) Condition "hdr.mpls[0].isValid()" (node_4) is false
[14:50:35.849] [bmv2] [T] [thread 291112] [3.0] [cxt 0] Applying table 'MyIngress.check_ports'
[14:50:35.849] [bmv2] [D] [thread 291112] [3.0] [cxt 0] Looking up key:
* standard_metadata.ingress_port: 0001
* standard_metadata.egress_spec : 0000

[14:50:35.849] [bmv2] [D] [thread 291112] [3.0] [cxt 0] Table 'MyIngress.check_ports': miss
[14:50:35.849] [bmv2] [D] [thread 291112] [3.0] [cxt 0] Action entry is NoAction - 
[14:50:35.849] [bmv2] [T] [thread 291112] [3.0] [cxt 0] Action NoAction
[14:50:35.849] [bmv2] [T] [thread 291112] [3.0] [cxt 0] /home/gys/文档/P4/p4-learning/exercises/experiment/p4src/nfc.p4(465) Condition "hdr.mpls[0].isValid()" (node_8) is false
[14:50:35.849] [bmv2] [D] [thread 291112] [3.0] [cxt 0] Pipeline 'ingress': end
[14:50:35.849] [bmv2] [D] [thread 291112] [3.0] [cxt 0] Egress port is 0
[14:50:35.849] [bmv2] [D] [thread 291112] [4.0] [cxt 0] Processing packet received on port 1
[14:50:35.849] [bmv2] [D] [thread 291112] [4.0] [cxt 0] Parser 'parser': start
[14:50:35.849] [bmv2] [D] [thread 291112] [4.0] [cxt 0] Parser 'parser' entering state 'start'
[14:50:35.849] [bmv2] [D] [thread 291112] [4.0] [cxt 0] Extracting header 'ethernet'
[14:50:35.849] [bmv2] [D] [thread 291112] [4.0] [cxt 0] Parser state 'start': key is 86dd
[14:50:35.849] [bmv2] [T] [thread 291112] [4.0] [cxt 0] Bytes parsed: 14
[14:50:35.849] [bmv2] [T] [thread 291112] [4.0] [cxt 0] Skipping checksum 'cksum_0' verification because target field invalid
[14:50:35.849] [bmv2] [D] [thread 291112] [4.0] [cxt 0] Parser 'parser': end
[14:50:35.849] [bmv2] [D] [thread 291112] [4.0] [cxt 0] Pipeline 'ingress': start
[14:50:35.849] [bmv2] [D] [thread 291113] [3.0] [cxt 0] Pipeline 'egress': start
[14:50:35.849] [bmv2] [D] [thread 291113] [3.0] [cxt 0] Pipeline 'egress': end
[14:50:35.850] [bmv2] [D] [thread 291113] [3.0] [cxt 0] Deparser 'deparser': start
[14:50:35.850] [bmv2] [T] [thread 291113] [3.0] [cxt 0] Skipping checksum 'cksum' update because condition not met
[14:50:35.849] [bmv2] [T] [thread 291112] [4.0] [cxt 0] /home/gys/文档/P4/p4-learning/exercises/experiment/p4src/nfc.p4(455) Condition "hdr.ipv4.isValid()" (node_2) is false
[14:50:35.850] [bmv2] [D] [thread 291113] [3.0] [cxt 0] Deparsing header 'ethernet'
[14:50:35.850] [bmv2] [D] [thread 291113] [3.0] [cxt 0] Deparser 'deparser': end
[14:50:35.850] [bmv2] [T] [thread 291112] [4.0] [cxt 0] /home/gys/文档/P4/p4-learning/exercises/experiment/p4src/nfc.p4(459) Condition "hdr.mpls[0].isValid()" (node_4) is false
[14:50:35.850] [bmv2] [D] [thread 291117] [3.0] [cxt 0] Transmitting packet of size 90 out of port 0
[14:50:35.850] [bmv2] [T] [thread 291112] [4.0] [cxt 0] Applying table 'MyIngress.check_ports'
[14:50:35.850] [bmv2] [D] [thread 291112] [4.0] [cxt 0] Looking up key:
* standard_metadata.ingress_port: 0001
* standard_metadata.egress_spec : 0000

[14:50:35.850] [bmv2] [D] [thread 291112] [4.0] [cxt 0] Table 'MyIngress.check_ports': miss
[14:50:35.850] [bmv2] [D] [thread 291112] [4.0] [cxt 0] Action entry is NoAction - 
[14:50:35.850] [bmv2] [T] [thread 291112] [4.0] [cxt 0] Action NoAction
[14:50:35.850] [bmv2] [T] [thread 291112] [4.0] [cxt 0] /home/gys/文档/P4/p4-learning/exercises/experiment/p4src/nfc.p4(465) Condition "hdr.mpls[0].isValid()" (node_8) is false
[14:50:35.850] [bmv2] [D] [thread 291112] [4.0] [cxt 0] Pipeline 'ingress': end
[14:50:35.850] [bmv2] [D] [thread 291112] [4.0] [cxt 0] Egress port is 0
[14:50:35.850] [bmv2] [D] [thread 291113] [4.0] [cxt 0] Pipeline 'egress': start
[14:50:35.850] [bmv2] [D] [thread 291113] [4.0] [cxt 0] Pipeline 'egress': end
[14:50:35.850] [bmv2] [D] [thread 291113] [4.0] [cxt 0] Deparser 'deparser': start
[14:50:35.850] [bmv2] [T] [thread 291113] [4.0] [cxt 0] Skipping checksum 'cksum' update because condition not met
[14:50:35.850] [bmv2] [D] [thread 291113] [4.0] [cxt 0] Deparsing header 'ethernet'
[14:50:35.850] [bmv2] [D] [thread 291113] [4.0] [cxt 0] Deparser 'deparser': end
[14:50:35.850] [bmv2] [D] [thread 291117] [4.0] [cxt 0] Transmitting packet of size 70 out of port 0
[14:50:35.859] [bmv2] [D] [thread 291112] [5.0] [cxt 0] Processing packet received on port 1
[14:50:35.859] [bmv2] [D] [thread 291112] [5.0] [cxt 0] Parser 'parser': start
[14:50:35.859] [bmv2] [D] [thread 291112] [5.0] [cxt 0] Parser 'parser' entering state 'start'
[14:50:35.859] [bmv2] [D] [thread 291112] [5.0] [cxt 0] Extracting header 'ethernet'
[14:50:35.859] [bmv2] [D] [thread 291112] [5.0] [cxt 0] Parser state 'start': key is 86dd
[14:50:35.859] [bmv2] [T] [thread 291112] [5.0] [cxt 0] Bytes parsed: 14
[14:50:35.859] [bmv2] [T] [thread 291112] [5.0] [cxt 0] Skipping checksum 'cksum_0' verification because target field invalid
[14:50:35.859] [bmv2] [D] [thread 291112] [5.0] [cxt 0] Parser 'parser': end
[14:50:35.859] [bmv2] [D] [thread 291112] [5.0] [cxt 0] Pipeline 'ingress': start
[14:50:35.859] [bmv2] [T] [thread 291112] [5.0] [cxt 0] /home/gys/文档/P4/p4-learning/exercises/experiment/p4src/nfc.p4(455) Condition "hdr.ipv4.isValid()" (node_2) is false
[14:50:35.859] [bmv2] [T] [thread 291112] [5.0] [cxt 0] /home/gys/文档/P4/p4-learning/exercises/experiment/p4src/nfc.p4(459) Condition "hdr.mpls[0].isValid()" (node_4) is false
[14:50:35.859] [bmv2] [T] [thread 291112] [5.0] [cxt 0] Applying table 'MyIngress.check_ports'
[14:50:35.860] [bmv2] [D] [thread 291112] [5.0] [cxt 0] Looking up key:
* standard_metadata.ingress_port: 0001
* standard_metadata.egress_spec : 0000

[14:50:35.860] [bmv2] [D] [thread 291112] [5.0] [cxt 0] Table 'MyIngress.check_ports': miss
[14:50:35.860] [bmv2] [D] [thread 291112] [5.0] [cxt 0] Action entry is NoAction - 
[14:50:35.860] [bmv2] [T] [thread 291112] [5.0] [cxt 0] Action NoAction
[14:50:35.860] [bmv2] [T] [thread 291112] [5.0] [cxt 0] /home/gys/文档/P4/p4-learning/exercises/experiment/p4src/nfc.p4(465) Condition "hdr.mpls[0].isValid()" (node_8) is false
[14:50:35.860] [bmv2] [D] [thread 291112] [5.0] [cxt 0] Pipeline 'ingress': end
[14:50:35.860] [bmv2] [D] [thread 291112] [5.0] [cxt 0] Egress port is 0
[14:50:35.860] [bmv2] [D] [thread 291113] [5.0] [cxt 0] Pipeline 'egress': start
[14:50:35.860] [bmv2] [D] [thread 291113] [5.0] [cxt 0] Pipeline 'egress': end
[14:50:35.860] [bmv2] [D] [thread 291113] [5.0] [cxt 0] Deparser 'deparser': start
[14:50:35.860] [bmv2] [T] [thread 291113] [5.0] [cxt 0] Skipping checksum 'cksum' update because condition not met
[14:50:35.860] [bmv2] [D] [thread 291113] [5.0] [cxt 0] Deparsing header 'ethernet'
[14:50:35.860] [bmv2] [D] [thread 291113] [5.0] [cxt 0] Deparser 'deparser': end
[14:50:35.860] [bmv2] [D] [thread 291117] [5.0] [cxt 0] Transmitting packet of size 110 out of port 0
[14:50:35.863] [bmv2] [D] [thread 291112] [6.0] [cxt 0] Processing packet received on port 1
[14:50:35.863] [bmv2] [D] [thread 291112] [6.0] [cxt 0] Parser 'parser': start
[14:50:35.863] [bmv2] [D] [thread 291112] [6.0] [cxt 0] Parser 'parser' entering state 'start'
[14:50:35.863] [bmv2] [D] [thread 291112] [6.0] [cxt 0] Extracting header 'ethernet'
[14:50:35.863] [bmv2] [D] [thread 291112] [6.0] [cxt 0] Parser state 'start': key is 86dd
[14:50:35.863] [bmv2] [T] [thread 291112] [6.0] [cxt 0] Bytes parsed: 14
[14:50:35.863] [bmv2] [T] [thread 291112] [6.0] [cxt 0] Skipping checksum 'cksum_0' verification because target field invalid
[14:50:35.863] [bmv2] [D] [thread 291112] [6.0] [cxt 0] Parser 'parser': end
[14:50:35.863] [bmv2] [D] [thread 291112] [6.0] [cxt 0] Pipeline 'ingress': start
[14:50:35.863] [bmv2] [T] [thread 291112] [6.0] [cxt 0] /home/gys/文档/P4/p4-learning/exercises/experiment/p4src/nfc.p4(455) Condition "hdr.ipv4.isValid()" (node_2) is false
[14:50:35.863] [bmv2] [T] [thread 291112] [6.0] [cxt 0] /home/gys/文档/P4/p4-learning/exercises/experiment/p4src/nfc.p4(459) Condition "hdr.mpls[0].isValid()" (node_4) is false
[14:50:35.863] [bmv2] [T] [thread 291112] [6.0] [cxt 0] Applying table 'MyIngress.check_ports'
[14:50:35.863] [bmv2] [D] [thread 291112] [6.0] [cxt 0] Looking up key:
* standard_metadata.ingress_port: 0001
* standard_metadata.egress_spec : 0000

[14:50:35.863] [bmv2] [D] [thread 291112] [6.0] [cxt 0] Table 'MyIngress.check_ports': miss
[14:50:35.863] [bmv2] [D] [thread 291112] [6.0] [cxt 0] Action entry is NoAction - 
[14:50:35.863] [bmv2] [T] [thread 291112] [6.0] [cxt 0] Action NoAction
[14:50:35.863] [bmv2] [T] [thread 291112] [6.0] [cxt 0] /home/gys/文档/P4/p4-learning/exercises/experiment/p4src/nfc.p4(465) Condition "hdr.mpls[0].isValid()" (node_8) is false
[14:50:35.864] [bmv2] [D] [thread 291112] [6.0] [cxt 0] Pipeline 'ingress': end
[14:50:35.864] [bmv2] [D] [thread 291112] [6.0] [cxt 0] Egress port is 0
[14:50:35.864] [bmv2] [D] [thread 291113] [6.0] [cxt 0] Pipeline 'egress': start
[14:50:35.864] [bmv2] [D] [thread 291113] [6.0] [cxt 0] Pipeline 'egress': end
[14:50:35.864] [bmv2] [D] [thread 291113] [6.0] [cxt 0] Deparser 'deparser': start
[14:50:35.864] [bmv2] [T] [thread 291113] [6.0] [cxt 0] Skipping checksum 'cksum' update because condition not met
[14:50:35.864] [bmv2] [D] [thread 291113] [6.0] [cxt 0] Deparsing header 'ethernet'
[14:50:35.864] [bmv2] [D] [thread 291113] [6.0] [cxt 0] Deparser 'deparser': end
[14:50:35.864] [bmv2] [D] [thread 291117] [6.0] [cxt 0] Transmitting packet of size 90 out of port 0
[14:50:35.948] [bmv2] [D] [thread 291112] [7.0] [cxt 0] Processing packet received on port 1
[14:50:35.948] [bmv2] [D] [thread 291112] [7.0] [cxt 0] Parser 'parser': start
[14:50:35.948] [bmv2] [D] [thread 291112] [7.0] [cxt 0] Parser 'parser' entering state 'start'
[14:50:35.948] [bmv2] [D] [thread 291112] [7.0] [cxt 0] Extracting header 'ethernet'
[14:50:35.948] [bmv2] [D] [thread 291112] [7.0] [cxt 0] Parser state 'start': key is 86dd
[14:50:35.948] [bmv2] [T] [thread 291112] [7.0] [cxt 0] Bytes parsed: 14
[14:50:35.948] [bmv2] [T] [thread 291112] [7.0] [cxt 0] Skipping checksum 'cksum_0' verification because target field invalid
[14:50:35.948] [bmv2] [D] [thread 291112] [7.0] [cxt 0] Parser 'parser': end
[14:50:35.948] [bmv2] [D] [thread 291112] [7.0] [cxt 0] Pipeline 'ingress': start
[14:50:35.948] [bmv2] [T] [thread 291112] [7.0] [cxt 0] /home/gys/文档/P4/p4-learning/exercises/experiment/p4src/nfc.p4(455) Condition "hdr.ipv4.isValid()" (node_2) is false
[14:50:35.948] [bmv2] [T] [thread 291112] [7.0] [cxt 0] /home/gys/文档/P4/p4-learning/exercises/experiment/p4src/nfc.p4(459) Condition "hdr.mpls[0].isValid()" (node_4) is false
[14:50:35.948] [bmv2] [T] [thread 291112] [7.0] [cxt 0] Applying table 'MyIngress.check_ports'
[14:50:35.948] [bmv2] [D] [thread 291112] [7.0] [cxt 0] Looking up key:
* standard_metadata.ingress_port: 0001
* standard_metadata.egress_spec : 0000

[14:50:35.948] [bmv2] [D] [thread 291112] [7.0] [cxt 0] Table 'MyIngress.check_ports': miss
[14:50:35.948] [bmv2] [D] [thread 291112] [7.0] [cxt 0] Action entry is NoAction - 
[14:50:35.948] [bmv2] [T] [thread 291112] [7.0] [cxt 0] Action NoAction
[14:50:35.948] [bmv2] [T] [thread 291112] [7.0] [cxt 0] /home/gys/文档/P4/p4-learning/exercises/experiment/p4src/nfc.p4(465) Condition "hdr.mpls[0].isValid()" (node_8) is false
[14:50:35.948] [bmv2] [D] [thread 291112] [7.0] [cxt 0] Pipeline 'ingress': end
[14:50:35.948] [bmv2] [D] [thread 291112] [7.0] [cxt 0] Egress port is 0
[14:50:35.948] [bmv2] [D] [thread 291113] [7.0] [cxt 0] Pipeline 'egress': start
[14:50:35.948] [bmv2] [D] [thread 291113] [7.0] [cxt 0] Pipeline 'egress': end
[14:50:35.949] [bmv2] [D] [thread 291113] [7.0] [cxt 0] Deparser 'deparser': start
[14:50:35.949] [bmv2] [T] [thread 291113] [7.0] [cxt 0] Skipping checksum 'cksum' update because condition not met
[14:50:35.949] [bmv2] [D] [thread 291113] [7.0] [cxt 0] Deparsing header 'ethernet'
[14:50:35.949] [bmv2] [D] [thread 291113] [7.0] [cxt 0] Deparser 'deparser': end
[14:50:35.949] [bmv2] [D] [thread 291117] [7.0] [cxt 0] Transmitting packet of size 107 out of port 0
[14:50:35.976] [bmv2] [D] [thread 291112] [8.0] [cxt 0] Processing packet received on port 1
[14:50:35.976] [bmv2] [D] [thread 291112] [8.0] [cxt 0] Parser 'parser': start
[14:50:35.976] [bmv2] [D] [thread 291112] [8.0] [cxt 0] Parser 'parser' entering state 'start'
[14:50:35.976] [bmv2] [D] [thread 291112] [8.0] [cxt 0] Extracting header 'ethernet'
[14:50:35.976] [bmv2] [D] [thread 291112] [8.0] [cxt 0] Parser state 'start': key is 86dd
[14:50:35.976] [bmv2] [T] [thread 291112] [8.0] [cxt 0] Bytes parsed: 14
[14:50:35.976] [bmv2] [T] [thread 291112] [8.0] [cxt 0] Skipping checksum 'cksum_0' verification because target field invalid
[14:50:35.976] [bmv2] [D] [thread 291112] [8.0] [cxt 0] Parser 'parser': end
[14:50:35.976] [bmv2] [D] [thread 291112] [8.0] [cxt 0] Pipeline 'ingress': start
[14:50:35.976] [bmv2] [T] [thread 291112] [8.0] [cxt 0] /home/gys/文档/P4/p4-learning/exercises/experiment/p4src/nfc.p4(455) Condition "hdr.ipv4.isValid()" (node_2) is false
[14:50:35.976] [bmv2] [T] [thread 291112] [8.0] [cxt 0] /home/gys/文档/P4/p4-learning/exercises/experiment/p4src/nfc.p4(459) Condition "hdr.mpls[0].isValid()" (node_4) is false
[14:50:35.976] [bmv2] [T] [thread 291112] [8.0] [cxt 0] Applying table 'MyIngress.check_ports'
[14:50:35.976] [bmv2] [D] [thread 291112] [8.0] [cxt 0] Looking up key:
* standard_metadata.ingress_port: 0001
* standard_metadata.egress_spec : 0000

[14:50:35.976] [bmv2] [D] [thread 291112] [8.0] [cxt 0] Table 'MyIngress.check_ports': miss
[14:50:35.976] [bmv2] [D] [thread 291112] [8.0] [cxt 0] Action entry is NoAction - 
[14:50:35.976] [bmv2] [T] [thread 291112] [8.0] [cxt 0] Action NoAction
[14:50:35.976] [bmv2] [T] [thread 291112] [8.0] [cxt 0] /home/gys/文档/P4/p4-learning/exercises/experiment/p4src/nfc.p4(465) Condition "hdr.mpls[0].isValid()" (node_8) is false
[14:50:35.976] [bmv2] [D] [thread 291112] [8.0] [cxt 0] Pipeline 'ingress': end
[14:50:35.976] [bmv2] [D] [thread 291112] [8.0] [cxt 0] Egress port is 0
[14:50:35.976] [bmv2] [D] [thread 291112] [9.0] [cxt 0] Processing packet received on port 1
[14:50:35.976] [bmv2] [D] [thread 291112] [9.0] [cxt 0] Parser 'parser': start
[14:50:35.976] [bmv2] [D] [thread 291112] [9.0] [cxt 0] Parser 'parser' entering state 'start'
[14:50:35.976] [bmv2] [D] [thread 291112] [9.0] [cxt 0] Extracting header 'ethernet'
[14:50:35.976] [bmv2] [D] [thread 291112] [9.0] [cxt 0] Parser state 'start': key is 86dd
[14:50:35.976] [bmv2] [T] [thread 291112] [9.0] [cxt 0] Bytes parsed: 14
[14:50:35.976] [bmv2] [T] [thread 291112] [9.0] [cxt 0] Skipping checksum 'cksum_0' verification because target field invalid
[14:50:35.976] [bmv2] [D] [thread 291112] [9.0] [cxt 0] Parser 'parser': end
[14:50:35.976] [bmv2] [D] [thread 291112] [9.0] [cxt 0] Pipeline 'ingress': start
[14:50:35.976] [bmv2] [T] [thread 291112] [9.0] [cxt 0] /home/gys/文档/P4/p4-learning/exercises/experiment/p4src/nfc.p4(455) Condition "hdr.ipv4.isValid()" (node_2) is false
[14:50:35.976] [bmv2] [T] [thread 291112] [9.0] [cxt 0] /home/gys/文档/P4/p4-learning/exercises/experiment/p4src/nfc.p4(459) Condition "hdr.mpls[0].isValid()" (node_4) is false
[14:50:35.976] [bmv2] [T] [thread 291112] [9.0] [cxt 0] Applying table 'MyIngress.check_ports'
[14:50:35.976] [bmv2] [D] [thread 291112] [9.0] [cxt 0] Looking up key:
* standard_metadata.ingress_port: 0001
* standard_metadata.egress_spec : 0000

[14:50:35.976] [bmv2] [D] [thread 291112] [9.0] [cxt 0] Table 'MyIngress.check_ports': miss
[14:50:35.976] [bmv2] [D] [thread 291112] [9.0] [cxt 0] Action entry is NoAction - 
[14:50:35.976] [bmv2] [T] [thread 291112] [9.0] [cxt 0] Action NoAction
[14:50:35.976] [bmv2] [T] [thread 291112] [9.0] [cxt 0] /home/gys/文档/P4/p4-learning/exercises/experiment/p4src/nfc.p4(465) Condition "hdr.mpls[0].isValid()" (node_8) is false
[14:50:35.976] [bmv2] [D] [thread 291112] [9.0] [cxt 0] Pipeline 'ingress': end
[14:50:35.976] [bmv2] [D] [thread 291112] [9.0] [cxt 0] Egress port is 0
[14:50:35.976] [bmv2] [D] [thread 291113] [8.0] [cxt 0] Pipeline 'egress': start
[14:50:35.977] [bmv2] [D] [thread 291113] [8.0] [cxt 0] Pipeline 'egress': end
[14:50:35.977] [bmv2] [D] [thread 291113] [8.0] [cxt 0] Deparser 'deparser': start
[14:50:35.977] [bmv2] [T] [thread 291113] [8.0] [cxt 0] Skipping checksum 'cksum' update because condition not met
[14:50:35.977] [bmv2] [D] [thread 291113] [8.0] [cxt 0] Deparsing header 'ethernet'
[14:50:35.977] [bmv2] [D] [thread 291113] [8.0] [cxt 0] Deparser 'deparser': end
[14:50:35.977] [bmv2] [D] [thread 291113] [9.0] [cxt 0] Pipeline 'egress': start
[14:50:35.977] [bmv2] [D] [thread 291113] [9.0] [cxt 0] Pipeline 'egress': end
[14:50:35.977] [bmv2] [D] [thread 291113] [9.0] [cxt 0] Deparser 'deparser': start
[14:50:35.977] [bmv2] [T] [thread 291113] [9.0] [cxt 0] Skipping checksum 'cksum' update because condition not met
[14:50:35.977] [bmv2] [D] [thread 291113] [9.0] [cxt 0] Deparsing header 'ethernet'
[14:50:35.977] [bmv2] [D] [thread 291113] [9.0] [cxt 0] Deparser 'deparser': end
[14:50:35.977] [bmv2] [D] [thread 291117] [8.0] [cxt 0] Transmitting packet of size 90 out of port 0
[14:50:35.977] [bmv2] [D] [thread 291117] [9.0] [cxt 0] Transmitting packet of size 70 out of port 0
[14:50:35.983] [bmv2] [D] [thread 291112] [10.0] [cxt 0] Processing packet received on port 1
[14:50:35.983] [bmv2] [D] [thread 291112] [10.0] [cxt 0] Parser 'parser': start
[14:50:35.983] [bmv2] [D] [thread 291112] [10.0] [cxt 0] Parser 'parser' entering state 'start'
[14:50:35.983] [bmv2] [D] [thread 291112] [10.0] [cxt 0] Extracting header 'ethernet'
[14:50:35.983] [bmv2] [D] [thread 291112] [10.0] [cxt 0] Parser state 'start': key is 86dd
[14:50:35.983] [bmv2] [T] [thread 291112] [10.0] [cxt 0] Bytes parsed: 14
[14:50:35.983] [bmv2] [T] [thread 291112] [10.0] [cxt 0] Skipping checksum 'cksum_0' verification because target field invalid
[14:50:35.983] [bmv2] [D] [thread 291112] [10.0] [cxt 0] Parser 'parser': end
[14:50:35.983] [bmv2] [D] [thread 291112] [10.0] [cxt 0] Pipeline 'ingress': start
[14:50:35.983] [bmv2] [T] [thread 291112] [10.0] [cxt 0] /home/gys/文档/P4/p4-learning/exercises/experiment/p4src/nfc.p4(455) Condition "hdr.ipv4.isValid()" (node_2) is false
[14:50:35.983] [bmv2] [T] [thread 291112] [10.0] [cxt 0] /home/gys/文档/P4/p4-learning/exercises/experiment/p4src/nfc.p4(459) Condition "hdr.mpls[0].isValid()" (node_4) is false
[14:50:35.983] [bmv2] [T] [thread 291112] [10.0] [cxt 0] Applying table 'MyIngress.check_ports'
[14:50:35.983] [bmv2] [D] [thread 291112] [10.0] [cxt 0] Looking up key:
* standard_metadata.ingress_port: 0001
* standard_metadata.egress_spec : 0000

[14:50:35.983] [bmv2] [D] [thread 291112] [10.0] [cxt 0] Table 'MyIngress.check_ports': miss
[14:50:35.984] [bmv2] [D] [thread 291112] [10.0] [cxt 0] Action entry is NoAction - 
[14:50:35.984] [bmv2] [T] [thread 291112] [10.0] [cxt 0] Action NoAction
[14:50:35.984] [bmv2] [T] [thread 291112] [10.0] [cxt 0] /home/gys/文档/P4/p4-learning/exercises/experiment/p4src/nfc.p4(465) Condition "hdr.mpls[0].isValid()" (node_8) is false
[14:50:35.984] [bmv2] [D] [thread 291112] [10.0] [cxt 0] Pipeline 'ingress': end
[14:50:35.984] [bmv2] [D] [thread 291112] [10.0] [cxt 0] Egress port is 0
[14:50:35.984] [bmv2] [D] [thread 291113] [10.0] [cxt 0] Pipeline 'egress': start
[14:50:35.984] [bmv2] [D] [thread 291113] [10.0] [cxt 0] Pipeline 'egress': end
[14:50:35.984] [bmv2] [D] [thread 291113] [10.0] [cxt 0] Deparser 'deparser': start
[14:50:35.984] [bmv2] [T] [thread 291113] [10.0] [cxt 0] Skipping checksum 'cksum' update because condition not met
[14:50:35.984] [bmv2] [D] [thread 291113] [10.0] [cxt 0] Deparsing header 'ethernet'
[14:50:35.984] [bmv2] [D] [thread 291113] [10.0] [cxt 0] Deparser 'deparser': end
[14:50:35.984] [bmv2] [D] [thread 291117] [10.0] [cxt 0] Transmitting packet of size 90 out of port 0
[14:50:35.987] [bmv2] [D] [thread 291112] [11.0] [cxt 0] Processing packet received on port 1
[14:50:35.987] [bmv2] [D] [thread 291112] [11.0] [cxt 0] Parser 'parser': start
[14:50:35.987] [bmv2] [D] [thread 291112] [11.0] [cxt 0] Parser 'parser' entering state 'start'
[14:50:35.987] [bmv2] [D] [thread 291112] [11.0] [cxt 0] Extracting header 'ethernet'
[14:50:35.987] [bmv2] [D] [thread 291112] [11.0] [cxt 0] Parser state 'start': key is 86dd
[14:50:35.987] [bmv2] [T] [thread 291112] [11.0] [cxt 0] Bytes parsed: 14
[14:50:35.987] [bmv2] [T] [thread 291112] [11.0] [cxt 0] Skipping checksum 'cksum_0' verification because target field invalid
[14:50:35.987] [bmv2] [D] [thread 291112] [11.0] [cxt 0] Parser 'parser': end
[14:50:35.987] [bmv2] [D] [thread 291112] [11.0] [cxt 0] Pipeline 'ingress': start
[14:50:35.987] [bmv2] [T] [thread 291112] [11.0] [cxt 0] /home/gys/文档/P4/p4-learning/exercises/experiment/p4src/nfc.p4(455) Condition "hdr.ipv4.isValid()" (node_2) is false
[14:50:35.987] [bmv2] [T] [thread 291112] [11.0] [cxt 0] /home/gys/文档/P4/p4-learning/exercises/experiment/p4src/nfc.p4(459) Condition "hdr.mpls[0].isValid()" (node_4) is false
[14:50:35.987] [bmv2] [T] [thread 291112] [11.0] [cxt 0] Applying table 'MyIngress.check_ports'
[14:50:35.987] [bmv2] [D] [thread 291112] [11.0] [cxt 0] Looking up key:
* standard_metadata.ingress_port: 0001
* standard_metadata.egress_spec : 0000

[14:50:35.987] [bmv2] [D] [thread 291112] [11.0] [cxt 0] Table 'MyIngress.check_ports': miss
[14:50:35.988] [bmv2] [D] [thread 291112] [11.0] [cxt 0] Action entry is NoAction - 
[14:50:35.988] [bmv2] [T] [thread 291112] [11.0] [cxt 0] Action NoAction
[14:50:35.988] [bmv2] [T] [thread 291112] [11.0] [cxt 0] /home/gys/文档/P4/p4-learning/exercises/experiment/p4src/nfc.p4(465) Condition "hdr.mpls[0].isValid()" (node_8) is false
[14:50:35.988] [bmv2] [D] [thread 291112] [11.0] [cxt 0] Pipeline 'ingress': end
[14:50:35.988] [bmv2] [D] [thread 291112] [11.0] [cxt 0] Egress port is 0
[14:50:35.988] [bmv2] [D] [thread 291113] [11.0] [cxt 0] Pipeline 'egress': start
[14:50:35.988] [bmv2] [D] [thread 291113] [11.0] [cxt 0] Pipeline 'egress': end
[14:50:35.988] [bmv2] [D] [thread 291113] [11.0] [cxt 0] Deparser 'deparser': start
[14:50:35.988] [bmv2] [T] [thread 291113] [11.0] [cxt 0] Skipping checksum 'cksum' update because condition not met
[14:50:35.988] [bmv2] [D] [thread 291113] [11.0] [cxt 0] Deparsing header 'ethernet'
[14:50:35.988] [bmv2] [D] [thread 291113] [11.0] [cxt 0] Deparser 'deparser': end
[14:50:35.988] [bmv2] [D] [thread 291117] [11.0] [cxt 0] Transmitting packet of size 90 out of port 0
[14:50:35.996] [bmv2] [D] [thread 291112] [12.0] [cxt 0] Processing packet received on port 1
[14:50:35.996] [bmv2] [D] [thread 291112] [12.0] [cxt 0] Parser 'parser': start
[14:50:35.996] [bmv2] [D] [thread 291112] [12.0] [cxt 0] Parser 'parser' entering state 'start'
[14:50:35.996] [bmv2] [D] [thread 291112] [12.0] [cxt 0] Extracting header 'ethernet'
[14:50:35.996] [bmv2] [D] [thread 291112] [12.0] [cxt 0] Parser state 'start': key is 86dd
[14:50:35.996] [bmv2] [T] [thread 291112] [12.0] [cxt 0] Bytes parsed: 14
[14:50:35.996] [bmv2] [T] [thread 291112] [12.0] [cxt 0] Skipping checksum 'cksum_0' verification because target field invalid
[14:50:35.996] [bmv2] [D] [thread 291112] [12.0] [cxt 0] Parser 'parser': end
[14:50:35.996] [bmv2] [D] [thread 291112] [12.0] [cxt 0] Pipeline 'ingress': start
[14:50:35.996] [bmv2] [T] [thread 291112] [12.0] [cxt 0] /home/gys/文档/P4/p4-learning/exercises/experiment/p4src/nfc.p4(455) Condition "hdr.ipv4.isValid()" (node_2) is false
[14:50:35.996] [bmv2] [T] [thread 291112] [12.0] [cxt 0] /home/gys/文档/P4/p4-learning/exercises/experiment/p4src/nfc.p4(459) Condition "hdr.mpls[0].isValid()" (node_4) is false
[14:50:35.996] [bmv2] [T] [thread 291112] [12.0] [cxt 0] Applying table 'MyIngress.check_ports'
[14:50:35.996] [bmv2] [D] [thread 291112] [12.0] [cxt 0] Looking up key:
* standard_metadata.ingress_port: 0001
* standard_metadata.egress_spec : 0000

[14:50:35.996] [bmv2] [D] [thread 291112] [12.0] [cxt 0] Table 'MyIngress.check_ports': miss
[14:50:35.996] [bmv2] [D] [thread 291112] [12.0] [cxt 0] Action entry is NoAction - 
[14:50:35.996] [bmv2] [T] [thread 291112] [12.0] [cxt 0] Action NoAction
[14:50:35.996] [bmv2] [T] [thread 291112] [12.0] [cxt 0] /home/gys/文档/P4/p4-learning/exercises/experiment/p4src/nfc.p4(465) Condition "hdr.mpls[0].isValid()" (node_8) is false
[14:50:35.996] [bmv2] [D] [thread 291112] [12.0] [cxt 0] Pipeline 'ingress': end
[14:50:35.996] [bmv2] [D] [thread 291112] [12.0] [cxt 0] Egress port is 0
[14:50:35.997] [bmv2] [D] [thread 291113] [12.0] [cxt 0] Pipeline 'egress': start
[14:50:35.997] [bmv2] [D] [thread 291113] [12.0] [cxt 0] Pipeline 'egress': end
[14:50:35.997] [bmv2] [D] [thread 291113] [12.0] [cxt 0] Deparser 'deparser': start
[14:50:35.997] [bmv2] [T] [thread 291113] [12.0] [cxt 0] Skipping checksum 'cksum' update because condition not met
[14:50:35.997] [bmv2] [D] [thread 291113] [12.0] [cxt 0] Deparsing header 'ethernet'
[14:50:35.997] [bmv2] [D] [thread 291113] [12.0] [cxt 0] Deparser 'deparser': end
[14:50:35.997] [bmv2] [D] [thread 291117] [12.0] [cxt 0] Transmitting packet of size 238 out of port 0
[14:50:36.738] [bmv2] [T] [thread 291280] bm_get_config
[14:50:36.747] [bmv2] [T] [thread 291280] bm_table_add_entry
[14:50:36.747] [bmv2] [D] [thread 291280] Entry 0 added to table 'MyIngress.mpls_tbl'
[14:50:36.747] [bmv2] [D] [thread 291280] Dumping entry 0
Match key:
* hdr.mpls[0].label   : EXACT     000001
* hdr.mpls[0].s       : EXACT     01
Action entry: MyIngress.penultimate - 2e1d4f7737d3,1,

[14:50:36.749] [bmv2] [T] [thread 291280] bm_table_add_entry
[14:50:36.749] [bmv2] [D] [thread 291280] Entry 1 added to table 'MyIngress.mpls_tbl'
[14:50:36.749] [bmv2] [D] [thread 291280] Dumping entry 1
Match key:
* hdr.mpls[0].label   : EXACT     000002
* hdr.mpls[0].s       : EXACT     00
Action entry: MyIngress.mpls_forward - 40100,2,

open: No such file or directory
open: No such file or directory
open: No such file or directory
open: No such file or directory
open: No such file or directory
open: No such file or directory
open: No such file or directory
