Obtaining JSON from switch...
Done
Control utility for runtime P4 table manipulation
RuntimeCmd: Adding entry to exact match table mpls_tbl
match key:           EXACT-00:00:01	EXACT-00
action:              mpls_forward
runtime data:        3a:1e:54:13:99:33	00:01
Entry has been added with handle 0
RuntimeCmd: Adding entry to exact match table mpls_tbl
match key:           EXACT-00:00:02	EXACT-00
action:              mpls_forward
runtime data:        d2:1f:3b:05:5c:70	00:02
Entry has been added with handle 1
RuntimeCmd: Adding entry to exact match table mpls_tbl
match key:           EXACT-00:00:03	EXACT-00
action:              mpls_forward
runtime data:        56:e1:a0:65:9f:bc	00:03
Entry has been added with handle 2
RuntimeCmd: Adding entry to exact match table mpls_tbl
match key:           EXACT-00:00:04	EXACT-00
action:              mpls_forward
runtime data:        c6:b9:b7:b6:0d:6b	00:04
Entry has been added with handle 3
RuntimeCmd: 
